[01m[K/media/psf/Projekt_Mobile_Robotik/02_Roboprogramm/03_Pong/ros2_ws/src/classes/states/backToStartState.cpp:[m[K In member function â€˜[01m[Kvirtual void BackToStartState::onEnter()[m[Kâ€™:
[01m[K/media/psf/Projekt_Mobile_Robotik/02_Roboprogramm/03_Pong/ros2_ws/src/classes/states/backToStartState.cpp:15:5:[m[K [01;31m[Kerror: [m[Kâ€˜[01m[KsendPukToOrigin[m[Kâ€™ was not declared in this scope; did you mean â€˜[01m[KsendGoalToOrigin[m[Kâ€™?
   15 |     [01;31m[KsendPukToOrigin[m[K();
      |     [01;31m[K^~~~~~~~~~~~~~~[m[K
      |     [32m[KsendGoalToOrigin[m[K
[01m[K/media/psf/Projekt_Mobile_Robotik/02_Roboprogramm/03_Pong/ros2_ws/src/classes/states/backToStartState.cpp:[m[K In member function â€˜[01m[Kvirtual void BackToStartState::run()[m[Kâ€™:
[01m[K/media/psf/Projekt_Mobile_Robotik/02_Roboprogramm/03_Pong/ros2_ws/src/classes/states/backToStartState.cpp:24:13:[m[K [01;31m[Kerror: [m[Kâ€˜[01m[KsendPukToOrigin[m[Kâ€™ was not declared in this scope; did you mean â€˜[01m[KsendGoalToOrigin[m[Kâ€™?
   24 |             [01;31m[KsendPukToOrigin[m[K();
      |             [01;31m[K^~~~~~~~~~~~~~~[m[K
      |             [32m[KsendGoalToOrigin[m[K
[01m[K/media/psf/Projekt_Mobile_Robotik/02_Roboprogramm/03_Pong/ros2_ws/src/classes/states/backToStartState.cpp:[m[K At global scope:
[01m[K/media/psf/Projekt_Mobile_Robotik/02_Roboprogramm/03_Pong/ros2_ws/src/classes/states/backToStartState.cpp:40:6:[m[K [01;31m[Kerror: [m[Kno declaration matches â€˜[01m[Kvoid BackToStartState::sendPukToOrigin()[m[Kâ€™
   40 | void [01;31m[KBackToStartState[m[K::sendPukToOrigin() {
      |      [01;31m[K^~~~~~~~~~~~~~~~[m[K
[01m[K/media/psf/Projekt_Mobile_Robotik/02_Roboprogramm/03_Pong/ros2_ws/src/classes/states/backToStartState.cpp:40:6:[m[K [01;36m[Knote: [m[Kno functions named â€˜[01m[Kvoid BackToStartState::sendPukToOrigin()[m[Kâ€™
In file included from [01m[K/media/psf/Projekt_Mobile_Robotik/02_Roboprogramm/03_Pong/ros2_ws/src/classes/states/backToStartState.cpp:1[m[K:
[01m[K/media/psf/Projekt_Mobile_Robotik/02_Roboprogramm/03_Pong/ros2_ws/src/classes/states/backToStartState.hpp:14:7:[m[K [01;36m[Knote: [m[Kâ€˜[01m[Kclass BackToStartState[m[Kâ€™ defined here
   14 | class [01;36m[KBackToStartState[m[K : public State, public rclcpp::Node {
      |       [01;36m[K^~~~~~~~~~~~~~~~[m[K
gmake[3]: *** [CMakeFiles/pong_game.dir/build.make:160: CMakeFiles/pong_game.dir/src/classes/states/backToStartState.cpp.o] Error 1
gmake[3]: *** Waiting for unfinished jobs....
gmake[2]: *** [CMakeFiles/Makefile2:137: CMakeFiles/pong_game.dir/all] Error 2
gmake[1]: *** [Makefile:146: all] Error 2
