[0.011s] Invoking command in '/media/psf/Projekt_Mobile_Robotik/02_Roboprogramm/03_Pong/ros2_ws/build/pong_game': CMAKE_PREFIX_PATH=/opt/ros/humble /usr/bin/cmake --build /media/psf/Projekt_Mobile_Robotik/02_Roboprogramm/03_Pong/ros2_ws/build/pong_game -- -j2 -l2
[0.015s] gmake[1]: Entering directory '/media/psf/Projekt_Mobile_Robotik/02_Roboprogramm/03_Pong/ros2_ws/build/pong_game'
[0.033s] gmake[2]: Entering directory '/media/psf/Projekt_Mobile_Robotik/02_Roboprogramm/03_Pong/ros2_ws/build/pong_game'
[0.041s] gmake[3]: Entering directory '/media/psf/Projekt_Mobile_Robotik/02_Roboprogramm/03_Pong/ros2_ws/build/pong_game'
[0.049s] [35m[1mConsolidate compiler generated dependencies of target pong_game[0m
[0.670s] gmake[3]: Leaving directory '/media/psf/Projekt_Mobile_Robotik/02_Roboprogramm/03_Pong/ros2_ws/build/pong_game'
[0.683s] gmake[3]: Entering directory '/media/psf/Projekt_Mobile_Robotik/02_Roboprogramm/03_Pong/ros2_ws/build/pong_game'
[0.687s] [ 10%] [32mBuilding CXX object CMakeFiles/pong_game.dir/src/classes/states/initState.cpp.o[0m
[0.693s] [ 20%] [32mBuilding CXX object CMakeFiles/pong_game.dir/src/classes/states/backToStartState.cpp.o[0m
[1.759s] [01m[K/media/psf/Projekt_Mobile_Robotik/02_Roboprogramm/03_Pong/ros2_ws/src/classes/states/backToStartState.cpp:[m[K In member function â€˜[01m[Kvirtual void BackToStartState::onEnter()[m[Kâ€™:
[1.760s] [01m[K/media/psf/Projekt_Mobile_Robotik/02_Roboprogramm/03_Pong/ros2_ws/src/classes/states/backToStartState.cpp:15:5:[m[K [01;31m[Kerror: [m[Kâ€˜[01m[KsendPukToOrigin[m[Kâ€™ was not declared in this scope; did you mean â€˜[01m[KsendGoalToOrigin[m[Kâ€™?
[1.760s]    15 |     [01;31m[KsendPukToOrigin[m[K();
[1.760s]       |     [01;31m[K^~~~~~~~~~~~~~~[m[K
[1.761s]       |     [32m[KsendGoalToOrigin[m[K
[1.765s] [01m[K/media/psf/Projekt_Mobile_Robotik/02_Roboprogramm/03_Pong/ros2_ws/src/classes/states/backToStartState.cpp:[m[K In member function â€˜[01m[Kvirtual void BackToStartState::run()[m[Kâ€™:
[1.765s] [01m[K/media/psf/Projekt_Mobile_Robotik/02_Roboprogramm/03_Pong/ros2_ws/src/classes/states/backToStartState.cpp:24:13:[m[K [01;31m[Kerror: [m[Kâ€˜[01m[KsendPukToOrigin[m[Kâ€™ was not declared in this scope; did you mean â€˜[01m[KsendGoalToOrigin[m[Kâ€™?
[1.765s]    24 |             [01;31m[KsendPukToOrigin[m[K();
[1.766s]       |             [01;31m[K^~~~~~~~~~~~~~~[m[K
[1.766s]       |             [32m[KsendGoalToOrigin[m[K
[1.766s] [01m[K/media/psf/Projekt_Mobile_Robotik/02_Roboprogramm/03_Pong/ros2_ws/src/classes/states/backToStartState.cpp:[m[K At global scope:
[1.767s] [01m[K/media/psf/Projekt_Mobile_Robotik/02_Roboprogramm/03_Pong/ros2_ws/src/classes/states/backToStartState.cpp:40:6:[m[K [01;31m[Kerror: [m[Kno declaration matches â€˜[01m[Kvoid BackToStartState::sendPukToOrigin()[m[Kâ€™
[1.767s]    40 | void [01;31m[KBackToStartState[m[K::sendPukToOrigin() {
[1.767s]       |      [01;31m[K^~~~~~~~~~~~~~~~[m[K
[1.768s] [01m[K/media/psf/Projekt_Mobile_Robotik/02_Roboprogramm/03_Pong/ros2_ws/src/classes/states/backToStartState.cpp:40:6:[m[K [01;36m[Knote: [m[Kno functions named â€˜[01m[Kvoid BackToStartState::sendPukToOrigin()[m[Kâ€™
[1.768s] In file included from [01m[K/media/psf/Projekt_Mobile_Robotik/02_Roboprogramm/03_Pong/ros2_ws/src/classes/states/backToStartState.cpp:1[m[K:
[1.768s] [01m[K/media/psf/Projekt_Mobile_Robotik/02_Roboprogramm/03_Pong/ros2_ws/src/classes/states/backToStartState.hpp:14:7:[m[K [01;36m[Knote: [m[Kâ€˜[01m[Kclass BackToStartState[m[Kâ€™ defined here
[1.768s]    14 | class [01;36m[KBackToStartState[m[K : public State, public rclcpp::Node {
[1.769s]       |       [01;36m[K^~~~~~~~~~~~~~~~[m[K
[2.016s] gmake[3]: *** [CMakeFiles/pong_game.dir/build.make:160: CMakeFiles/pong_game.dir/src/classes/states/backToStartState.cpp.o] Error 1
[2.016s] gmake[3]: *** Waiting for unfinished jobs....
[5.606s] gmake[3]: Leaving directory '/media/psf/Projekt_Mobile_Robotik/02_Roboprogramm/03_Pong/ros2_ws/build/pong_game'
[5.608s] gmake[2]: Leaving directory '/media/psf/Projekt_Mobile_Robotik/02_Roboprogramm/03_Pong/ros2_ws/build/pong_game'
[5.608s] gmake[2]: *** [CMakeFiles/Makefile2:137: CMakeFiles/pong_game.dir/all] Error 2
[5.609s] gmake[1]: *** [Makefile:146: all] Error 2
[5.610s] gmake[1]: Leaving directory '/media/psf/Projekt_Mobile_Robotik/02_Roboprogramm/03_Pong/ros2_ws/build/pong_game'
[5.610s] Invoked command in '/media/psf/Projekt_Mobile_Robotik/02_Roboprogramm/03_Pong/ros2_ws/build/pong_game' returned '2': CMAKE_PREFIX_PATH=/opt/ros/humble /usr/bin/cmake --build /media/psf/Projekt_Mobile_Robotik/02_Roboprogramm/03_Pong/ros2_ws/build/pong_game -- -j2 -l2
