[0.016s] Invoking command in '/media/psf/Projekt_Mobile_Robotik/02_Roboprogramm/02_Turtlebot4/ros2_ws/build/pong_game': CMAKE_PREFIX_PATH=/opt/ros/humble /usr/bin/cmake --build /media/psf/Projekt_Mobile_Robotik/02_Roboprogramm/02_Turtlebot4/ros2_ws/build/pong_game -- -j2 -l2
[0.022s] gmake[1]: Entering directory '/media/psf/Projekt_Mobile_Robotik/02_Roboprogramm/02_Turtlebot4/ros2_ws/build/pong_game'
[0.054s] gmake[2]: Entering directory '/media/psf/Projekt_Mobile_Robotik/02_Roboprogramm/02_Turtlebot4/ros2_ws/build/pong_game'
[0.061s] gmake[3]: Entering directory '/media/psf/Projekt_Mobile_Robotik/02_Roboprogramm/02_Turtlebot4/ros2_ws/build/pong_game'
[0.069s] [35m[1mConsolidate compiler generated dependencies of target pong_game[0m
[0.391s] gmake[3]: Leaving directory '/media/psf/Projekt_Mobile_Robotik/02_Roboprogramm/02_Turtlebot4/ros2_ws/build/pong_game'
[0.399s] gmake[3]: Entering directory '/media/psf/Projekt_Mobile_Robotik/02_Roboprogramm/02_Turtlebot4/ros2_ws/build/pong_game'
[0.409s] [ 40%] [32mBuilding CXX object CMakeFiles/pong_game.dir/src/main.cpp.o[0m
[0.413s] [ 40%] [32mBuilding CXX object CMakeFiles/pong_game.dir/src/classes/turtlebot4.cpp.o[0m
[1.486s] [01m[K/media/psf/Projekt_Mobile_Robotik/02_Roboprogramm/02_Turtlebot4/ros2_ws/src/classes/turtlebot4.cpp:[m[K In member function â€˜[01m[Kvoid TurtleBot4::setLightring(LightringColor)[m[Kâ€™:
[1.486s] [01m[K/media/psf/Projekt_Mobile_Robotik/02_Roboprogramm/02_Turtlebot4/ros2_ws/src/classes/turtlebot4.cpp:36:19:[m[K [01;31m[Kerror: [m[Kâ€˜[01m[Kstruct irobot_create_msgs::msg::LightringLeds_<std::allocator<void> >[m[Kâ€™ has no member named â€˜[01m[Koverridde_system[m[Kâ€™; did you mean â€˜[01m[Koverride_system[m[Kâ€™?
[1.487s]    36 |     lightring_msg.[01;31m[Koverridde_system[m[K = true;
[1.487s]       |                   [01;31m[K^~~~~~~~~~~~~~~~[m[K
[1.487s]       |                   [32m[Koverride_system[m[K
[1.492s] [01m[K/media/psf/Projekt_Mobile_Robotik/02_Roboprogramm/02_Turtlebot4/ros2_ws/src/classes/turtlebot4.cpp:64:5:[m[K [01;31m[Kerror: [m[Kâ€˜[01m[Klightring_pub_[m[Kâ€™ was not declared in this scope; did you mean â€˜[01m[Klightring_msg[m[Kâ€™?
[1.493s]    64 |     [01;31m[Klightring_pub_[m[K->publish(lightring_msg);
[1.493s]       |     [01;31m[K^~~~~~~~~~~~~~[m[K
[1.493s]       |     [32m[Klightring_msg[m[K
[1.770s] [ 60%] [32mBuilding CXX object CMakeFiles/pong_game.dir/src/classes/states/initState.cpp.o[0m
[1.776s] [01m[K/media/psf/Projekt_Mobile_Robotik/02_Roboprogramm/02_Turtlebot4/ros2_ws/src/classes/states/initState.cpp:1:9:[m[K [01;35m[Kwarning: [m[K#pragma once in main file
[1.777s]     1 | #pragma [01;35m[Konce[m[K
[1.777s]       |         [01;35m[K^~~~[m[K
[1.809s] gmake[3]: *** [CMakeFiles/pong_game.dir/build.make:104: CMakeFiles/pong_game.dir/src/classes/turtlebot4.cpp.o] Error 1
[1.810s] gmake[3]: *** Waiting for unfinished jobs....
[2.747s] [01m[K/media/psf/Projekt_Mobile_Robotik/02_Roboprogramm/02_Turtlebot4/ros2_ws/src/classes/states/initState.cpp:[m[K In constructor â€˜[01m[KInitState::InitState(StateMachine*)[m[Kâ€™:
[2.748s] [01m[K/media/psf/Projekt_Mobile_Robotik/02_Roboprogramm/02_Turtlebot4/ros2_ws/src/classes/states/initState.cpp:11:27:[m[K [01;31m[Kerror: [m[Kclass â€˜[01m[KInitState[m[Kâ€™ does not have any field named â€˜[01m[K_initializationComplete[m[Kâ€™
[2.748s]    11 |     : Node("init_state"), [01;31m[K_initializationComplete[m[K(false), _initStep(0),
[2.748s]       |                           [01;31m[K^~~~~~~~~~~~~~~~~~~~~~~[m[K
[2.748s] [01m[K/media/psf/Projekt_Mobile_Robotik/02_Roboprogramm/02_Turtlebot4/ros2_ws/src/classes/states/initState.cpp:11:59:[m[K [01;31m[Kerror: [m[Kclass â€˜[01m[KInitState[m[Kâ€™ does not have any field named â€˜[01m[K_initStep[m[Kâ€™
[2.749s]    11 |     : Node("init_state"), _initializationComplete(false), [01;31m[K_initStep[m[K(0),
[2.749s]       |                                                           [01;31m[K^~~~~~~~~[m[K
[2.750s] [01m[K/media/psf/Projekt_Mobile_Robotik/02_Roboprogramm/02_Turtlebot4/ros2_ws/src/classes/states/initState.cpp:12:33:[m[K [01;31m[Kerror: [m[Kno matching function for call to â€˜[01m[KState::State()[m[Kâ€™
[2.750s]    12 |       _stateMachine(stateMachine[01;31m[K)[m[K {
[2.751s]       |                                 [01;31m[K^[m[K
[2.751s] In file included from [01m[K/media/psf/Projekt_Mobile_Robotik/02_Roboprogramm/02_Turtlebot4/ros2_ws/src/classes/states/../statemachine.hpp:6[m[K,
[2.751s]                  from [01m[K/media/psf/Projekt_Mobile_Robotik/02_Roboprogramm/02_Turtlebot4/ros2_ws/src/classes/states/initState.cpp:5[m[K:
[2.752s] [01m[K/media/psf/Projekt_Mobile_Robotik/02_Roboprogramm/02_Turtlebot4/ros2_ws/src/classes/states/../states/state.hpp:31:14:[m[K [01;36m[Knote: [m[Kcandidate: â€˜[01m[KState::State(StateMachine*)[m[Kâ€™
[2.752s]    31 |     explicit [01;36m[KState[m[K(StateMachine* stateMachine) : _stateMachine(stateMachine) {};
[2.753s]       |              [01;36m[K^~~~~[m[K
[2.753s] [01m[K/media/psf/Projekt_Mobile_Robotik/02_Roboprogramm/02_Turtlebot4/ros2_ws/src/classes/states/../states/state.hpp:31:14:[m[K [01;36m[Knote: [m[K  candidate expects 1 argument, 0 provided
[2.753s] [01m[K/media/psf/Projekt_Mobile_Robotik/02_Roboprogramm/02_Turtlebot4/ros2_ws/src/classes/states/../states/state.hpp:10:7:[m[K [01;36m[Knote: [m[Kcandidate: â€˜[01m[Kconstexpr State::State(const State&)[m[Kâ€™
[2.754s]    10 | class [01;36m[KState[m[K {
[2.754s]       |       [01;36m[K^~~~~[m[K
[2.755s] [01m[K/media/psf/Projekt_Mobile_Robotik/02_Roboprogramm/02_Turtlebot4/ros2_ws/src/classes/states/../states/state.hpp:10:7:[m[K [01;36m[Knote: [m[K  candidate expects 1 argument, 0 provided
[2.763s] [01m[K/media/psf/Projekt_Mobile_Robotik/02_Roboprogramm/02_Turtlebot4/ros2_ws/src/classes/states/initState.cpp:[m[K In member function â€˜[01m[Kvirtual void InitState::onEnter()[m[Kâ€™:
[2.764s] [01m[K/media/psf/Projekt_Mobile_Robotik/02_Roboprogramm/02_Turtlebot4/ros2_ws/src/classes/states/initState.cpp:20:5:[m[K [01;31m[Kerror: [m[Kâ€˜[01m[K_inputSubscription[m[Kâ€™ was not declared in this scope
[2.764s]    20 |     [01;31m[K_inputSubscription[m[K = this->create_subscription<std_msgs::msg::String>(
[2.764s]       |     [01;31m[K^~~~~~~~~~~~~~~~~~[m[K
[2.764s] [01m[K/media/psf/Projekt_Mobile_Robotik/02_Roboprogramm/02_Turtlebot4/ros2_ws/src/classes/states/initState.cpp:20:67:[m[K [01;31m[Kerror: [m[Kâ€˜[01m[KString[m[Kâ€™ is not a member of â€˜[01m[Kstd_msgs::msg[m[Kâ€™
[2.765s]    20 |     _inputSubscription = this->create_subscription<std_msgs::msg::[01;31m[KString[m[K>(
[2.765s]       |                                                                   [01;31m[K^~~~~~[m[K
[2.765s] [01m[K/media/psf/Projekt_Mobile_Robotik/02_Roboprogramm/02_Turtlebot4/ros2_ws/src/classes/states/initState.cpp:22:31:[m[K [01;31m[Kerror: [m[Kâ€˜[01m[KreceiveUserInput[m[Kâ€™ is not a member of â€˜[01m[KInitState[m[Kâ€™
[2.766s]    22 |         std::bind(&InitState::[01;31m[KreceiveUserInput[m[K, this, std::placeholders::_1)
[2.766s]       |                               [01;31m[K^~~~~~~~~~~~~~~~[m[K
[2.767s] [01m[K/media/psf/Projekt_Mobile_Robotik/02_Roboprogramm/02_Turtlebot4/ros2_ws/src/classes/states/initState.cpp:[m[K At global scope:
[2.767s] [01m[K/media/psf/Projekt_Mobile_Robotik/02_Roboprogramm/02_Turtlebot4/ros2_ws/src/classes/states/initState.cpp:50:55:[m[K [01;31m[Kerror: [m[Kâ€˜[01m[KString[m[Kâ€™ in namespace â€˜[01m[Kstd_msgs::msg[m[Kâ€™ does not name a type
[2.767s]    50 | void InitState::receiveUserInput(const std_msgs::msg::[01;31m[KString[m[K::SharedPtr msg) {
[2.768s]       |                                                       [01;31m[K^~~~~~[m[K
[2.768s] [01m[K/media/psf/Projekt_Mobile_Robotik/02_Roboprogramm/02_Turtlebot4/ros2_ws/src/classes/states/initState.cpp:50:73:[m[K [01;31m[Kerror: [m[Kexpected unqualified-id before â€˜[01m[Kmsg[m[Kâ€™
[2.768s]    50 | void InitState::receiveUserInput(const std_msgs::msg::String::SharedPtr [01;31m[Kmsg[m[K) {
[2.769s]       |                                                                         [01;31m[K^~~[m[K
[2.769s] [01m[K/media/psf/Projekt_Mobile_Robotik/02_Roboprogramm/02_Turtlebot4/ros2_ws/src/classes/states/initState.cpp:50:72:[m[K [01;31m[Kerror: [m[Kexpected â€˜[01m[K)[m[Kâ€™ before â€˜[01m[Kmsg[m[Kâ€™
[2.769s]    50 | void InitState::receiveUserInput[34m[K([m[Kconst std_msgs::msg::String::SharedPtr[01;31m[K [m[K[32m[Kmsg[m[K) {
[2.769s]       |                                 [34m[K~[m[K                                      [01;31m[K^[m[K[32m[K~~~[m[K
[2.770s]       |                                                                        [32m[K)[m[K
[2.770s] [01m[K/media/psf/Projekt_Mobile_Robotik/02_Roboprogramm/02_Turtlebot4/ros2_ws/src/classes/states/initState.cpp:50:73:[m[K [01;31m[Kerror: [m[Kexpected initializer before â€˜[01m[Kmsg[m[Kâ€™
[2.770s]    50 | void InitState::receiveUserInput(const std_msgs::msg::String::SharedPtr [01;31m[Kmsg[m[K) {
[2.771s]       |                                                                         [01;31m[K^~~[m[K
[2.910s] In file included from [01m[K/usr/include/aarch64-linux-gnu/c++/11/bits/c++allocator.h:33[m[K,
[2.910s]                  from [01m[K/usr/include/c++/11/bits/allocator.h:46[m[K,
[2.911s]                  from [01m[K/usr/include/c++/11/memory:64[m[K,
[2.911s]                  from [01m[K/opt/ros/humble/include/rclcpp/rclcpp/rclcpp.hpp:153[m[K,
[2.911s]                  from [01m[K/media/psf/Projekt_Mobile_Robotik/02_Roboprogramm/02_Turtlebot4/ros2_ws/src/classes/states/initState.cpp:4[m[K:
[2.912s] /usr/include/c++/11/ext/new_allocator.h: In instantiation of â€˜[01m[Kvoid __gnu_cxx::new_allocator<_Tp>::construct(_Up*, _Args&& ...) [with _Up = InitState; _Args = {InitState*}; _Tp = InitState][m[Kâ€™:
[2.912s] [01m[K/usr/include/c++/11/bits/alloc_traits.h:516:17:[m[K   required from â€˜[01m[Kstatic void std::allocator_traits<std::allocator<_CharT> >::construct(std::allocator_traits<std::allocator<_CharT> >::allocator_type&, _Up*, _Args&& ...) [with _Up = InitState; _Args = {InitState*}; _Tp = InitState; std::allocator_traits<std::allocator<_CharT> >::allocator_type = std::allocator<InitState>][m[Kâ€™
[2.912s] [01m[K/usr/include/c++/11/bits/shared_ptr_base.h:519:39:[m[K   required from â€˜[01m[Kstd::_Sp_counted_ptr_inplace<_Tp, _Alloc, _Lp>::_Sp_counted_ptr_inplace(_Alloc, _Args&& ...) [with _Args = {InitState*}; _Tp = InitState; _Alloc = std::allocator<InitState>; __gnu_cxx::_Lock_policy _Lp = __gnu_cxx::_S_atomic][m[Kâ€™
[2.912s] [01m[K/usr/include/c++/11/bits/shared_ptr_base.h:650:16:[m[K   required from â€˜[01m[Kstd::__shared_count<_Lp>::__shared_count(_Tp*&, std::_Sp_alloc_shared_tag<_Alloc>, _Args&& ...) [with _Tp = InitState; _Alloc = std::allocator<InitState>; _Args = {InitState*}; __gnu_cxx::_Lock_policy _Lp = __gnu_cxx::_S_atomic][m[Kâ€™
[2.913s] [01m[K/usr/include/c++/11/bits/shared_ptr_base.h:1342:14:[m[K   required from â€˜[01m[Kstd::__shared_ptr<_Tp, _Lp>::__shared_ptr(std::_Sp_alloc_shared_tag<_Tp>, _Args&& ...) [with _Alloc = std::allocator<InitState>; _Args = {InitState*}; _Tp = InitState; __gnu_cxx::_Lock_policy _Lp = __gnu_cxx::_S_atomic][m[Kâ€™
[2.913s] [01m[K/usr/include/c++/11/bits/shared_ptr.h:409:59:[m[K   required from â€˜[01m[Kstd::shared_ptr<_Tp>::shared_ptr(std::_Sp_alloc_shared_tag<_Tp>, _Args&& ...) [with _Alloc = std::allocator<InitState>; _Args = {InitState*}; _Tp = InitState][m[Kâ€™
[2.913s] [01m[K/usr/include/c++/11/bits/shared_ptr.h:862:14:[m[K   required from â€˜[01m[Kstd::shared_ptr<_Tp> std::allocate_shared(const _Alloc&, _Args&& ...) [with _Tp = InitState; _Alloc = std::allocator<InitState>; _Args = {InitState*}][m[Kâ€™
[2.913s] [01m[K/usr/include/c++/11/bits/shared_ptr.h:878:39:[m[K   required from â€˜[01m[Kstd::shared_ptr<_Tp> std::make_shared(_Args&& ...) [with _Tp = InitState; _Args = {InitState*}][m[Kâ€™
[2.914s] [01m[K/media/psf/Projekt_Mobile_Robotik/02_Roboprogramm/02_Turtlebot4/ros2_ws/src/classes/states/initState.cpp:33:45:[m[K   required from here
[2.914s] [01m[K/usr/include/c++/11/ext/new_allocator.h:162:11:[m[K [01;31m[Kerror: [m[Kno matching function for call to â€˜[01m[KInitState::InitState(InitState*)[m[Kâ€™
[2.914s]   162 |         { [01;31m[K::new((void *)__p) _Up(std::forward<_Args>(__args)...)[m[K; }
[2.914s]       |           [01;31m[K^~~~~~~~~~~~~~~~~~~~~~~~~~~~~~~~~~~~~~~~~~~~~~~~~~~~~~[m[K
[2.915s] [01m[K/media/psf/Projekt_Mobile_Robotik/02_Roboprogramm/02_Turtlebot4/ros2_ws/src/classes/states/initState.cpp:10:1:[m[K [01;36m[Knote: [m[Kcandidate: â€˜[01m[KInitState::InitState(StateMachine*)[m[Kâ€™
[2.915s]    10 | [01;36m[KInitState[m[K::InitState(StateMachine *stateMachine)
[2.915s]       | [01;36m[K^~~~~~~~~[m[K
[2.915s] [01m[K/media/psf/Projekt_Mobile_Robotik/02_Roboprogramm/02_Turtlebot4/ros2_ws/src/classes/states/initState.cpp:10:36:[m[K [01;36m[Knote: [m[K  no known conversion for argument 1 from â€˜[01m[KInitState*[m[Kâ€™ to â€˜[01m[KStateMachine*[m[Kâ€™
[2.916s]    10 | InitState::InitState([01;36m[KStateMachine *stateMachine[m[K)
[2.916s]       |                      [01;36m[K~~~~~~~~~~~~~~^~~~~~~~~~~~[m[K
[2.952s] gmake[3]: *** [CMakeFiles/pong_game.dir/build.make:118: CMakeFiles/pong_game.dir/src/classes/states/initState.cpp.o] Error 1
[2.952s] gmake[3]: Leaving directory '/media/psf/Projekt_Mobile_Robotik/02_Roboprogramm/02_Turtlebot4/ros2_ws/build/pong_game'
[2.952s] gmake[2]: Leaving directory '/media/psf/Projekt_Mobile_Robotik/02_Roboprogramm/02_Turtlebot4/ros2_ws/build/pong_game'
[2.953s] gmake[2]: *** [CMakeFiles/Makefile2:137: CMakeFiles/pong_game.dir/all] Error 2
[2.953s] gmake[1]: *** [Makefile:146: all] Error 2
[2.953s] gmake[1]: Leaving directory '/media/psf/Projekt_Mobile_Robotik/02_Roboprogramm/02_Turtlebot4/ros2_ws/build/pong_game'
[2.954s] Invoked command in '/media/psf/Projekt_Mobile_Robotik/02_Roboprogramm/02_Turtlebot4/ros2_ws/build/pong_game' returned '2': CMAKE_PREFIX_PATH=/opt/ros/humble /usr/bin/cmake --build /media/psf/Projekt_Mobile_Robotik/02_Roboprogramm/02_Turtlebot4/ros2_ws/build/pong_game -- -j2 -l2
