[0.017s] Invoking command in '/media/psf/Projekt_Mobile_Robotik/02_Roboprogramm/02_Turtlebot4/ros2_ws/build/pong_game': CMAKE_PREFIX_PATH=/opt/ros/humble /usr/bin/cmake --build /media/psf/Projekt_Mobile_Robotik/02_Roboprogramm/02_Turtlebot4/ros2_ws/build/pong_game -- -j2 -l2
[0.025s] gmake[1]: Entering directory '/media/psf/Projekt_Mobile_Robotik/02_Roboprogramm/02_Turtlebot4/ros2_ws/build/pong_game'
[0.056s] gmake[2]: Entering directory '/media/psf/Projekt_Mobile_Robotik/02_Roboprogramm/02_Turtlebot4/ros2_ws/build/pong_game'
[0.062s] gmake[3]: Entering directory '/media/psf/Projekt_Mobile_Robotik/02_Roboprogramm/02_Turtlebot4/ros2_ws/build/pong_game'
[0.069s] [35m[1mConsolidate compiler generated dependencies of target pong_game[0m
[0.310s] gmake[3]: Leaving directory '/media/psf/Projekt_Mobile_Robotik/02_Roboprogramm/02_Turtlebot4/ros2_ws/build/pong_game'
[0.317s] gmake[3]: Entering directory '/media/psf/Projekt_Mobile_Robotik/02_Roboprogramm/02_Turtlebot4/ros2_ws/build/pong_game'
[0.324s] [ 20%] [32mBuilding CXX object CMakeFiles/pong_game.dir/src/main.cpp.o[0m
[0.330s] [ 40%] [32mBuilding CXX object CMakeFiles/pong_game.dir/src/classes/turtlebot4.cpp.o[0m
[1.377s] In file included from [01m[K/media/psf/Projekt_Mobile_Robotik/02_Roboprogramm/02_Turtlebot4/ros2_ws/src/classes/statemachine.hpp:6[m[K,
[1.377s]                  from [01m[K/media/psf/Projekt_Mobile_Robotik/02_Roboprogramm/02_Turtlebot4/ros2_ws/src/main.cpp:5[m[K:
[1.377s] [01m[K/media/psf/Projekt_Mobile_Robotik/02_Roboprogramm/02_Turtlebot4/ros2_ws/src/classes/states/state.hpp:[m[K In constructor â€˜[01m[KState::State(StateMachine*)[m[Kâ€™:
[1.378s] [01m[K/media/psf/Projekt_Mobile_Robotik/02_Roboprogramm/02_Turtlebot4/ros2_ws/src/classes/states/state.hpp:31:76:[m[K [01;31m[Kerror: [m[Kno matching function for call to â€˜[01m[Krclcpp::Node::Node()[m[Kâ€™
[1.378s]    31 |     explicit State(StateMachine* stateMachine) : _stateMachine(stateMachine[01;31m[K)[m[K {};
[1.378s]       |                                                                            [01;31m[K^[m[K
[1.379s] In file included from [01m[K/opt/ros/humble/include/rclcpp/rclcpp/executors/single_threaded_executor.hpp:28[m[K,
[1.379s]                  from [01m[K/opt/ros/humble/include/rclcpp/rclcpp/executors.hpp:22[m[K,
[1.379s]                  from [01m[K/opt/ros/humble/include/rclcpp/rclcpp/rclcpp.hpp:155[m[K,
[1.379s]                  from [01m[K/media/psf/Projekt_Mobile_Robotik/02_Roboprogramm/02_Turtlebot4/ros2_ws/src/main.cpp:1[m[K:
[1.380s] [01m[K/opt/ros/humble/include/rclcpp/rclcpp/node.hpp:1294:3:[m[K [01;36m[Knote: [m[Kcandidate: â€˜[01m[Krclcpp::Node::Node(const rclcpp::Node&, const string&)[m[Kâ€™
[1.380s]  1294 |   [01;36m[KNode[m[K(
[1.380s]       |   [01;36m[K^~~~[m[K
[1.380s] [01m[K/opt/ros/humble/include/rclcpp/rclcpp/node.hpp:1294:3:[m[K [01;36m[Knote: [m[K  candidate expects 2 arguments, 0 provided
[1.381s] [01m[K/opt/ros/humble/include/rclcpp/rclcpp/node.hpp:101:12:[m[K [01;36m[Knote: [m[Kcandidate: â€˜[01m[Krclcpp::Node::Node(const string&, const string&, const rclcpp::NodeOptions&)[m[Kâ€™
[1.381s]   101 |   explicit [01;36m[KNode[m[K(
[1.381s]       |            [01;36m[K^~~~[m[K
[1.382s] [01m[K/opt/ros/humble/include/rclcpp/rclcpp/node.hpp:101:12:[m[K [01;36m[Knote: [m[K  candidate expects 3 arguments, 0 provided
[1.382s] [01m[K/opt/ros/humble/include/rclcpp/rclcpp/node.hpp:89:12:[m[K [01;36m[Knote: [m[Kcandidate: â€˜[01m[Krclcpp::Node::Node(const string&, const rclcpp::NodeOptions&)[m[Kâ€™
[1.382s]    89 |   explicit [01;36m[KNode[m[K(
[1.382s]       |            [01;36m[K^~~~[m[K
[1.383s] [01m[K/opt/ros/humble/include/rclcpp/rclcpp/node.hpp:89:12:[m[K [01;36m[Knote: [m[K  candidate expects 2 arguments, 0 provided
[1.390s] In file included from [01m[K/media/psf/Projekt_Mobile_Robotik/02_Roboprogramm/02_Turtlebot4/ros2_ws/src/classes/statemachine.hpp:7[m[K,
[1.390s]                  from [01m[K/media/psf/Projekt_Mobile_Robotik/02_Roboprogramm/02_Turtlebot4/ros2_ws/src/main.cpp:5[m[K:
[1.390s] [01m[K/media/psf/Projekt_Mobile_Robotik/02_Roboprogramm/02_Turtlebot4/ros2_ws/src/classes/turtlebot4.hpp:[m[K At global scope:
[1.390s] [01m[K/media/psf/Projekt_Mobile_Robotik/02_Roboprogramm/02_Turtlebot4/ros2_ws/src/classes/turtlebot4.hpp:63:2:[m[K [01;31m[Kerror: [m[Kexpected â€˜[01m[K;[m[Kâ€™ after class definition
[1.391s]    63 | }
[1.391s]       |  [01;31m[K^[m[K
[1.391s]       |  [32m[K;[m[K
[1.441s] In file included from [01m[K/media/psf/Projekt_Mobile_Robotik/02_Roboprogramm/02_Turtlebot4/ros2_ws/src/classes/turtlebot4.cpp:4[m[K:
[1.441s] [01m[K/media/psf/Projekt_Mobile_Robotik/02_Roboprogramm/02_Turtlebot4/ros2_ws/src/classes/turtlebot4.hpp:63:2:[m[K [01;31m[Kerror: [m[Kexpected â€˜[01m[K;[m[Kâ€™ after class definition
[1.441s]    63 | }
[1.442s]       |  [01;31m[K^[m[K
[1.442s]       |  [32m[K;[m[K
[1.449s] [01m[K/media/psf/Projekt_Mobile_Robotik/02_Roboprogramm/02_Turtlebot4/ros2_ws/src/classes/turtlebot4.cpp:[m[K In constructor â€˜[01m[KTurtleBot4::TurtleBot4()[m[Kâ€™:
[1.450s] [01m[K/media/psf/Projekt_Mobile_Robotik/02_Roboprogramm/02_Turtlebot4/ros2_ws/src/classes/turtlebot4.cpp:14:5:[m[K [01;31m[Kerror: [m[Kâ€˜[01m[Klightring_pub_[m[Kâ€™ was not declared in this scope
[1.450s]    14 |     [01;31m[Klightring_pub_[m[K = this->create_publisher
[1.450s]       |     [01;31m[K^~~~~~~~~~~~~~[m[K
[1.452s] [01m[K/media/psf/Projekt_Mobile_Robotik/02_Roboprogramm/02_Turtlebot4/ros2_ws/src/classes/turtlebot4.cpp:[m[K In member function â€˜[01m[Kvoid TurtleBot4::setLightring(LightringColor)[m[Kâ€™:
[1.452s] [01m[K/media/psf/Projekt_Mobile_Robotik/02_Roboprogramm/02_Turtlebot4/ros2_ws/src/classes/turtlebot4.cpp:36:19:[m[K [01;31m[Kerror: [m[Kâ€˜[01m[Kstruct irobot_create_msgs::msg::LightringLeds_<std::allocator<void> >[m[Kâ€™ has no member named â€˜[01m[Koverridde_system[m[Kâ€™; did you mean â€˜[01m[Koverride_system[m[Kâ€™?
[1.453s]    36 |     lightring_msg.[01;31m[Koverridde_system[m[K = true;
[1.453s]       |                   [01;31m[K^~~~~~~~~~~~~~~~[m[K
[1.453s]       |                   [32m[Koverride_system[m[K
[1.459s] [01m[K/media/psf/Projekt_Mobile_Robotik/02_Roboprogramm/02_Turtlebot4/ros2_ws/src/classes/turtlebot4.cpp:64:5:[m[K [01;31m[Kerror: [m[Kâ€˜[01m[Klightring_pub_[m[Kâ€™ was not declared in this scope; did you mean â€˜[01m[Klightring_msg[m[Kâ€™?
[1.459s]    64 |     [01;31m[Klightring_pub_[m[K->publish(lightring_msg);
[1.459s]       |     [01;31m[K^~~~~~~~~~~~~~[m[K
[1.459s]       |     [32m[Klightring_msg[m[K
[1.592s] gmake[3]: *** [CMakeFiles/pong_game.dir/build.make:76: CMakeFiles/pong_game.dir/src/main.cpp.o] Error 1
[1.592s] gmake[3]: *** Waiting for unfinished jobs....
[1.734s] gmake[3]: *** [CMakeFiles/pong_game.dir/build.make:104: CMakeFiles/pong_game.dir/src/classes/turtlebot4.cpp.o] Error 1
[1.736s] gmake[3]: Leaving directory '/media/psf/Projekt_Mobile_Robotik/02_Roboprogramm/02_Turtlebot4/ros2_ws/build/pong_game'
[1.737s] gmake[2]: *** [CMakeFiles/Makefile2:137: CMakeFiles/pong_game.dir/all] Error 2
[1.737s] gmake[2]: Leaving directory '/media/psf/Projekt_Mobile_Robotik/02_Roboprogramm/02_Turtlebot4/ros2_ws/build/pong_game'
[1.738s] gmake[1]: *** [Makefile:146: all] Error 2
[1.739s] gmake[1]: Leaving directory '/media/psf/Projekt_Mobile_Robotik/02_Roboprogramm/02_Turtlebot4/ros2_ws/build/pong_game'
[1.740s] Invoked command in '/media/psf/Projekt_Mobile_Robotik/02_Roboprogramm/02_Turtlebot4/ros2_ws/build/pong_game' returned '2': CMAKE_PREFIX_PATH=/opt/ros/humble /usr/bin/cmake --build /media/psf/Projekt_Mobile_Robotik/02_Roboprogramm/02_Turtlebot4/ros2_ws/build/pong_game -- -j2 -l2
