[0.015s] Invoking command in '/media/psf/Projekt_Mobile_Robotik/02_Roboprogramm/02_Turtlebot4/ros2_ws/build/pong_game': CMAKE_PREFIX_PATH=/opt/ros/humble /usr/bin/cmake --build /media/psf/Projekt_Mobile_Robotik/02_Roboprogramm/02_Turtlebot4/ros2_ws/build/pong_game -- -j2 -l2
[0.017s] gmake[1]: Entering directory '/media/psf/Projekt_Mobile_Robotik/02_Roboprogramm/02_Turtlebot4/ros2_ws/build/pong_game'
[0.035s] gmake[2]: Entering directory '/media/psf/Projekt_Mobile_Robotik/02_Roboprogramm/02_Turtlebot4/ros2_ws/build/pong_game'
[0.048s] gmake[3]: Entering directory '/media/psf/Projekt_Mobile_Robotik/02_Roboprogramm/02_Turtlebot4/ros2_ws/build/pong_game'
[0.060s] [35m[1mConsolidate compiler generated dependencies of target pong_game[0m
[0.538s] gmake[3]: Leaving directory '/media/psf/Projekt_Mobile_Robotik/02_Roboprogramm/02_Turtlebot4/ros2_ws/build/pong_game'
[0.550s] gmake[3]: Entering directory '/media/psf/Projekt_Mobile_Robotik/02_Roboprogramm/02_Turtlebot4/ros2_ws/build/pong_game'
[0.554s] [  8%] [32mBuilding CXX object CMakeFiles/pong_game.dir/src/classes/states/bounceState.cpp.o[0m
[0.555s] [ 16%] [32mBuilding CXX object CMakeFiles/pong_game.dir/src/classes/states/driveState.cpp.o[0m
[1.602s] [01m[K/media/psf/Projekt_Mobile_Robotik/02_Roboprogramm/02_Turtlebot4/ros2_ws/src/classes/states/driveState.cpp:[m[K In constructor â€˜[01m[KDriveState::DriveState(StateMachine*)[m[Kâ€™:
[1.603s] [01m[K/media/psf/Projekt_Mobile_Robotik/02_Roboprogramm/02_Turtlebot4/ros2_ws/src/classes/states/driveState.cpp:9:33:[m[K [01;31m[Kerror: [m[Kno matching function for call to â€˜[01m[KState::State()[m[Kâ€™
[1.603s]     9 |     : _stateMachine(stateMachine[01;31m[K)[m[K {
[1.603s]       |                                 [01;31m[K^[m[K
[1.603s] In file included from [01m[K/media/psf/Projekt_Mobile_Robotik/02_Roboprogramm/02_Turtlebot4/ros2_ws/src/classes/states/driveState.hpp:4[m[K,
[1.604s]                  from [01m[K/media/psf/Projekt_Mobile_Robotik/02_Roboprogramm/02_Turtlebot4/ros2_ws/src/classes/states/driveState.cpp:4[m[K:
[1.604s] [01m[K/media/psf/Projekt_Mobile_Robotik/02_Roboprogramm/02_Turtlebot4/ros2_ws/src/classes/states/state.hpp:31:14:[m[K [01;36m[Knote: [m[Kcandidate: â€˜[01m[KState::State(StateMachine*)[m[Kâ€™
[1.604s]    31 |     explicit [01;36m[KState[m[K(StateMachine* stateMachine) : _stateMachine(stateMachine) {};
[1.605s]       |              [01;36m[K^~~~~[m[K
[1.605s] [01m[K/media/psf/Projekt_Mobile_Robotik/02_Roboprogramm/02_Turtlebot4/ros2_ws/src/classes/states/state.hpp:31:14:[m[K [01;36m[Knote: [m[K  candidate expects 1 argument, 0 provided
[1.605s] [01m[K/media/psf/Projekt_Mobile_Robotik/02_Roboprogramm/02_Turtlebot4/ros2_ws/src/classes/states/state.hpp:10:7:[m[K [01;36m[Knote: [m[Kcandidate: â€˜[01m[Kconstexpr State::State(const State&)[m[Kâ€™
[1.606s]    10 | class [01;36m[KState[m[K {
[1.606s]       |       [01;36m[K^~~~~[m[K
[1.606s] [01m[K/media/psf/Projekt_Mobile_Robotik/02_Roboprogramm/02_Turtlebot4/ros2_ws/src/classes/states/state.hpp:10:7:[m[K [01;36m[Knote: [m[K  candidate expects 1 argument, 0 provided
[1.799s] gmake[3]: *** [CMakeFiles/pong_game.dir/build.make:160: CMakeFiles/pong_game.dir/src/classes/states/driveState.cpp.o] Error 1
[1.799s] gmake[3]: *** Waiting for unfinished jobs....
[1.874s] gmake[3]: Leaving directory '/media/psf/Projekt_Mobile_Robotik/02_Roboprogramm/02_Turtlebot4/ros2_ws/build/pong_game'
[1.875s] gmake[2]: *** [CMakeFiles/Makefile2:137: CMakeFiles/pong_game.dir/all] Error 2
[1.876s] gmake[1]: *** [Makefile:146: all] Error 2
[1.876s] gmake[2]: Leaving directory '/media/psf/Projekt_Mobile_Robotik/02_Roboprogramm/02_Turtlebot4/ros2_ws/build/pong_game'
[1.876s] gmake[1]: Leaving directory '/media/psf/Projekt_Mobile_Robotik/02_Roboprogramm/02_Turtlebot4/ros2_ws/build/pong_game'
[1.876s] Invoked command in '/media/psf/Projekt_Mobile_Robotik/02_Roboprogramm/02_Turtlebot4/ros2_ws/build/pong_game' returned '2': CMAKE_PREFIX_PATH=/opt/ros/humble /usr/bin/cmake --build /media/psf/Projekt_Mobile_Robotik/02_Roboprogramm/02_Turtlebot4/ros2_ws/build/pong_game -- -j2 -l2
