[01m[K/media/psf/Projekt_Mobile_Robotik/02_Roboprogramm/02_Turtlebot4/ros2_ws/src/classes/states/backToStartState.cpp:[m[K In constructor â€˜[01m[KBackToStartState::BackToStartState(StateMachine*)[m[Kâ€™:
[01m[K/media/psf/Projekt_Mobile_Robotik/02_Roboprogramm/02_Turtlebot4/ros2_ws/src/classes/states/backToStartState.cpp:9:7:[m[K [01;31m[Kerror: [m[Kclass â€˜[01m[KBackToStartState[m[Kâ€™ does not have any field named â€˜[01m[K_stateMachine[m[Kâ€™
    9 |     : [01;31m[K_stateMachine[m[K(stateMachine) {
      |       [01;31m[K^~~~~~~~~~~~~[m[K
[01m[K/media/psf/Projekt_Mobile_Robotik/02_Roboprogramm/02_Turtlebot4/ros2_ws/src/classes/states/backToStartState.cpp:9:33:[m[K [01;31m[Kerror: [m[Kno matching function for call to â€˜[01m[KState::State()[m[Kâ€™
    9 |     : _stateMachine(stateMachine[01;31m[K)[m[K {
      |                                 [01;31m[K^[m[K
In file included from [01m[K/media/psf/Projekt_Mobile_Robotik/02_Roboprogramm/02_Turtlebot4/ros2_ws/src/classes/states/backToStartState.hpp:4[m[K,
                 from [01m[K/media/psf/Projekt_Mobile_Robotik/02_Roboprogramm/02_Turtlebot4/ros2_ws/src/classes/states/backToStartState.cpp:4[m[K:
[01m[K/media/psf/Projekt_Mobile_Robotik/02_Roboprogramm/02_Turtlebot4/ros2_ws/src/classes/states/state.hpp:31:14:[m[K [01;36m[Knote: [m[Kcandidate: â€˜[01m[KState::State(StateMachine*)[m[Kâ€™
   31 |     explicit [01;36m[KState[m[K(StateMachine* stateMachine) : _stateMachine(stateMachine) {};
      |              [01;36m[K^~~~~[m[K
[01m[K/media/psf/Projekt_Mobile_Robotik/02_Roboprogramm/02_Turtlebot4/ros2_ws/src/classes/states/state.hpp:31:14:[m[K [01;36m[Knote: [m[K  candidate expects 1 argument, 0 provided
[01m[K/media/psf/Projekt_Mobile_Robotik/02_Roboprogramm/02_Turtlebot4/ros2_ws/src/classes/states/state.hpp:10:7:[m[K [01;36m[Knote: [m[Kcandidate: â€˜[01m[Kconstexpr State::State(const State&)[m[Kâ€™
   10 | class [01;36m[KState[m[K {
      |       [01;36m[K^~~~~[m[K
[01m[K/media/psf/Projekt_Mobile_Robotik/02_Roboprogramm/02_Turtlebot4/ros2_ws/src/classes/states/state.hpp:10:7:[m[K [01;36m[Knote: [m[K  candidate expects 1 argument, 0 provided
gmake[3]: *** [CMakeFiles/pong_game.dir/build.make:174: CMakeFiles/pong_game.dir/src/classes/states/backToStartState.cpp.o] Error 1
gmake[3]: *** Waiting for unfinished jobs....
gmake[2]: *** [CMakeFiles/Makefile2:137: CMakeFiles/pong_game.dir/all] Error 2
gmake[1]: *** [Makefile:146: all] Error 2
