In file included from [01m[K/media/psf/Projekt_Mobile_Robotik/02_Roboprogramm/03_Pong/ros2_ws/src/classes/statemachine.cpp:4[m[K:
[01m[K/media/psf/Projekt_Mobile_Robotik/02_Roboprogramm/03_Pong/ros2_ws/src/classes/states/bounceState.hpp:8:10:[m[K [01;31m[Kfatal error: [m[Ksensor_msgs/msg/scan.hpp: No such file or directory
    8 | #include [01;31m[K"sensor_msgs/msg/scan.hpp"[m[K
      |          [01;31m[K^~~~~~~~~~~~~~~~~~~~~~~~~~[m[K
compilation terminated.
gmake[3]: *** [CMakeFiles/pong_game.dir/build.make:188: CMakeFiles/pong_game.dir/src/classes/statemachine.cpp.o] Error 1
gmake[3]: *** Waiting for unfinished jobs....
In file included from [01m[K/media/psf/Projekt_Mobile_Robotik/02_Roboprogramm/03_Pong/ros2_ws/src/classes/states/bounceState.cpp:10[m[K:
[01m[K/media/psf/Projekt_Mobile_Robotik/02_Roboprogramm/03_Pong/ros2_ws/src/classes/states/bounceState.hpp:8:10:[m[K [01;31m[Kfatal error: [m[Ksensor_msgs/msg/scan.hpp: No such file or directory
    8 | #include [01;31m[K"sensor_msgs/msg/scan.hpp"[m[K
      |          [01;31m[K^~~~~~~~~~~~~~~~~~~~~~~~~~[m[K
compilation terminated.
gmake[3]: *** [CMakeFiles/pong_game.dir/build.make:132: CMakeFiles/pong_game.dir/src/classes/states/bounceState.cpp.o] Error 1
gmake[2]: *** [CMakeFiles/Makefile2:137: CMakeFiles/pong_game.dir/all] Error 2
gmake[1]: *** [Makefile:146: all] Error 2
