In file included from [01m[K/media/psf/Projekt_Mobile_Robotik/02_Roboprogramm/02_Turtlebot4/ros2_ws/src/classes/states/bounceState.cpp:9[m[K:
[01m[K/media/psf/Projekt_Mobile_Robotik/02_Roboprogramm/02_Turtlebot4/ros2_ws/src/classes/states/bounceState.hpp:42:26:[m[K [01;31m[Kerror: [m[Kâ€˜[01m[Ksensor_msgs[m[Kâ€™ was not declared in this scope
   42 |     rclcpp::Subscription<[01;31m[Ksensor_msgs[m[K::msg::LaserScan>::SharedPtr _laserSubscription;
      |                          [01;31m[K^~~~~~~~~~~[m[K
[01m[K/media/psf/Projekt_Mobile_Robotik/02_Roboprogramm/02_Turtlebot4/ros2_ws/src/classes/states/bounceState.hpp:42:53:[m[K [01;31m[Kerror: [m[Ktemplate argument 1 is invalid
   42 |     rclcpp::Subscription<sensor_msgs::msg::LaserScan[01;31m[K>[m[K::SharedPtr _laserSubscription;
      |                                                     [01;31m[K^[m[K
[01m[K/media/psf/Projekt_Mobile_Robotik/02_Roboprogramm/02_Turtlebot4/ros2_ws/src/classes/states/bounceState.hpp:42:53:[m[K [01;31m[Kerror: [m[Ktemplate argument 3 is invalid
[01m[K/media/psf/Projekt_Mobile_Robotik/02_Roboprogramm/02_Turtlebot4/ros2_ws/src/classes/states/bounceState.hpp:42:53:[m[K [01;31m[Kerror: [m[Ktemplate argument 4 is invalid
[01m[K/media/psf/Projekt_Mobile_Robotik/02_Roboprogramm/02_Turtlebot4/ros2_ws/src/classes/states/bounceState.hpp:42:53:[m[K [01;31m[Kerror: [m[Ktemplate argument 5 is invalid
[01m[K/media/psf/Projekt_Mobile_Robotik/02_Roboprogramm/02_Turtlebot4/ros2_ws/src/classes/states/bounceState.hpp:42:56:[m[K [01;31m[Kerror: [m[Kexpected â€˜[01m[K;[m[Kâ€™ at end of member declaration
   42 |     rclcpp::Subscription<sensor_msgs::msg::LaserScan>::[01;31m[KSharedPtr[m[K _laserSubscription;
      |                                                        [01;31m[K^~~~~~~~~[m[K
      |                                                                 [32m[K;[m[K
[01m[K/media/psf/Projekt_Mobile_Robotik/02_Roboprogramm/02_Turtlebot4/ros2_ws/src/classes/states/bounceState.hpp:42:66:[m[K [01;31m[Kerror: [m[Kâ€˜[01m[K_laserSubscription[m[Kâ€™ does not name a type
   42 |     rclcpp::Subscription<sensor_msgs::msg::LaserScan>::SharedPtr [01;31m[K_laserSubscription[m[K;
      |                                                                  [01;31m[K^~~~~~~~~~~~~~~~~~[m[K
[01m[K/media/psf/Projekt_Mobile_Robotik/02_Roboprogramm/02_Turtlebot4/ros2_ws/src/classes/states/bounceState.hpp:44:30:[m[K [01;31m[Kerror: [m[Kâ€˜[01m[Ksensor_msgs[m[Kâ€™ does not name a type
   44 |     void laserCallback(const [01;31m[Ksensor_msgs[m[K::msg::LaserScan::SharedPtr msg);
      |                              [01;31m[K^~~~~~~~~~~[m[K
[01m[K/media/psf/Projekt_Mobile_Robotik/02_Roboprogramm/02_Turtlebot4/ros2_ws/src/classes/states/bounceState.hpp:44:46:[m[K [01;31m[Kerror: [m[Kexpected unqualified-id before â€˜[01m[K::[m[Kâ€™ token
   44 |     void laserCallback(const sensor_msgs::msg[01;31m[K::[m[KLaserScan::SharedPtr msg);
      |                                              [01;31m[K^~[m[K
[01m[K/media/psf/Projekt_Mobile_Robotik/02_Roboprogramm/02_Turtlebot4/ros2_ws/src/classes/states/bounceState.hpp:44:46:[m[K [01;31m[Kerror: [m[Kexpected â€˜[01m[K)[m[Kâ€™ before â€˜[01m[K::[m[Kâ€™ token
   44 |     void laserCallback[34m[K([m[Kconst sensor_msgs::msg[01;31m[K:[m[K[32m[K:[m[KLaserScan::SharedPtr msg);
      |                       [34m[K~[m[K                      [01;31m[K^[m[K[32m[K~[m[K
      |                                              [32m[K)[m[K
[01m[K/media/psf/Projekt_Mobile_Robotik/02_Roboprogramm/02_Turtlebot4/ros2_ws/src/classes/states/bounceState.hpp:44:43:[m[K [01;31m[Kerror: [m[Kexpected â€˜[01m[K;[m[Kâ€™ at end of member declaration
   44 |     void laserCallback(const sensor_msgs::[01;31m[Kmsg[m[K::LaserScan::SharedPtr msg);
      |                                           [01;31m[K^~~[m[K
      |                                              [32m[K;[m[K
[01m[K/media/psf/Projekt_Mobile_Robotik/02_Roboprogramm/02_Turtlebot4/ros2_ws/src/classes/states/bounceState.hpp:44:48:[m[K [01;31m[Kerror: [m[Kâ€˜[01m[KLaserScan[m[Kâ€™ in namespace â€˜[01m[K::[m[Kâ€™ does not name a type
   44 |     void laserCallback(const sensor_msgs::msg::[01;31m[KLaserScan[m[K::SharedPtr msg);
      |                                                [01;31m[K^~~~~~~~~[m[K
gmake[3]: *** [CMakeFiles/pong_game.dir/build.make:132: CMakeFiles/pong_game.dir/src/classes/states/bounceState.cpp.o] Error 1
gmake[3]: *** Waiting for unfinished jobs....
gmake[2]: *** [CMakeFiles/Makefile2:137: CMakeFiles/pong_game.dir/all] Error 2
gmake[1]: *** [Makefile:146: all] Error 2
