[01m[K/media/psf/Projekt_Mobile_Robotik/02_Roboprogramm/03_Pong/ros2_ws/src/classes/states/initState.cpp:[m[K In member function â€˜[01m[Kvirtual void InitState::run()[m[Kâ€™:
[01m[K/media/psf/Projekt_Mobile_Robotik/02_Roboprogramm/03_Pong/ros2_ws/src/classes/states/initState.cpp:144:52:[m[K [01;31m[Kerror: [m[Kâ€˜[01m[KBACKTOSTART[m[Kâ€™ is not a member of â€˜[01m[KStateType[m[Kâ€™; did you mean â€˜[01m[KBACK_TO_START[m[Kâ€™?
  144 |             _stateMachine->transitionTo(StateType::[01;31m[KBACKTOSTART[m[K);
      |                                                    [01;31m[K^~~~~~~~~~~[m[K
      |                                                    [32m[KBACK_TO_START[m[K
[01m[K/media/psf/Projekt_Mobile_Robotik/02_Roboprogramm/03_Pong/ros2_ws/src/classes/states/initState.cpp:[m[K In member function â€˜[01m[Kvirtual void InitState::onExit()[m[Kâ€™:
[01m[K/media/psf/Projekt_Mobile_Robotik/02_Roboprogramm/03_Pong/ros2_ws/src/classes/states/initState.cpp:158:5:[m[K [01;31m[Kerror: [m[Kâ€˜[01m[K_inputSubscription[m[Kâ€™ was not declared in this scope; did you mean â€˜[01m[K_buttonSubscription[m[Kâ€™?
  158 |     [01;31m[K_inputSubscription[m[K.reset();
      |     [01;31m[K^~~~~~~~~~~~~~~~~~[m[K
      |     [32m[K_buttonSubscription[m[K
[01m[K/media/psf/Projekt_Mobile_Robotik/02_Roboprogramm/03_Pong/ros2_ws/src/classes/states/initState.cpp:[m[K At global scope:
[01m[K/media/psf/Projekt_Mobile_Robotik/02_Roboprogramm/03_Pong/ros2_ws/src/classes/states/initState.cpp:179:6:[m[K [01;31m[Kerror: [m[Kno declaration matches â€˜[01m[Kvoid InitState::setPositionReference(float&, float&)[m[Kâ€™
  179 | void [01;31m[KInitState[m[K::setPositionReference(float &xRef, float &yRef) {
      |      [01;31m[K^~~~~~~~~[m[K
In file included from [01m[K/media/psf/Projekt_Mobile_Robotik/02_Roboprogramm/03_Pong/ros2_ws/src/classes/states/initState.cpp:8[m[K:
[01m[K/media/psf/Projekt_Mobile_Robotik/02_Roboprogramm/03_Pong/ros2_ws/src/classes/states/initState.hpp:60:10:[m[K [01;36m[Knote: [m[Kcandidate is: â€˜[01m[Kvoid InitState::setPositionReference(float*, float*)[m[Kâ€™
   60 |     void [01;36m[KsetPositionReference[m[K(float *xRef, float *yRef);
      |          [01;36m[K^~~~~~~~~~~~~~~~~~~~[m[K
[01m[K/media/psf/Projekt_Mobile_Robotik/02_Roboprogramm/03_Pong/ros2_ws/src/classes/states/initState.hpp:14:7:[m[K [01;36m[Knote: [m[Kâ€˜[01m[Kclass InitState[m[Kâ€™ defined here
   14 | class [01;36m[KInitState[m[K : public State, public rclcpp::Node {
      |       [01;36m[K^~~~~~~~~[m[K
[01m[K/media/psf/Projekt_Mobile_Robotik/02_Roboprogramm/03_Pong/ros2_ws/src/classes/states/idleState.cpp:[m[K In member function â€˜[01m[Kvirtual void IdleState::run()[m[Kâ€™:
[01m[K/media/psf/Projekt_Mobile_Robotik/02_Roboprogramm/03_Pong/ros2_ws/src/classes/states/idleState.cpp:69:48:[m[K [01;31m[Kerror: [m[Kâ€˜[01m[KBACKTOSTART[m[Kâ€™ is not a member of â€˜[01m[KStateType[m[Kâ€™; did you mean â€˜[01m[KBACK_TO_START[m[Kâ€™?
   69 |         _stateMachine->transitionTo(StateType::[01;31m[KBACKTOSTART[m[K);
      |                                                [01;31m[K^~~~~~~~~~~[m[K
      |                                                [32m[KBACK_TO_START[m[K
gmake[3]: *** [CMakeFiles/pong_game.dir/build.make:104: CMakeFiles/pong_game.dir/src/classes/states/initState.cpp.o] Error 1
gmake[3]: *** Waiting for unfinished jobs....
gmake[3]: *** [CMakeFiles/pong_game.dir/build.make:118: CMakeFiles/pong_game.dir/src/classes/states/idleState.cpp.o] Error 1
gmake[2]: *** [CMakeFiles/Makefile2:137: CMakeFiles/pong_game.dir/all] Error 2
gmake[1]: *** [Makefile:146: all] Error 2
