-- The C compiler identification is GNU 11.4.0
-- The CXX compiler identification is GNU 11.4.0
-- Detecting C compiler ABI info
-- Detecting C compiler ABI info - done
-- Check for working C compiler: /usr/bin/cc - skipped
-- Detecting C compile features
-- Detecting C compile features - done
-- Detecting CXX compiler ABI info
-- Detecting CXX compiler ABI info - done
-- Check for working CXX compiler: /usr/bin/c++ - skipped
-- Detecting CXX compile features
-- Detecting CXX compile features - done
-- Found ament_cmake: 1.3.12 (/opt/ros/humble/share/ament_cmake/cmake)
-- Found Python3: /usr/bin/python3 (found version "3.10.12") found components: Interpreter 
-- Found rclcpp: 16.0.15 (/opt/ros/humble/share/rclcpp/cmake)
-- Found rosidl_generator_c: 3.1.7 (/opt/ros/humble/share/rosidl_generator_c/cmake)
-- Found rosidl_adapter: 3.1.7 (/opt/ros/humble/share/rosidl_adapter/cmake)
-- Found rosidl_generator_cpp: 3.1.7 (/opt/ros/humble/share/rosidl_generator_cpp/cmake)
-- Using all available rosidl_typesupport_c: rosidl_typesupport_fastrtps_c;rosidl_typesupport_introspection_c
-- Using all available rosidl_typesupport_cpp: rosidl_typesupport_fastrtps_cpp;rosidl_typesupport_introspection_cpp
-- Found rmw_implementation_cmake: 6.1.2 (/opt/ros/humble/share/rmw_implementation_cmake/cmake)
-- Found rmw_fastrtps_cpp: 6.2.9 (/opt/ros/humble/share/rmw_fastrtps_cpp/cmake)
-- Found OpenSSL: /usr/lib/aarch64-linux-gnu/libcrypto.so (found version "3.0.2")  
-- Found FastRTPS: /opt/ros/humble/include  
-- Using RMW implementation 'rmw_fastrtps_cpp' as default
-- Looking for pthread.h
-- Looking for pthread.h - found
-- Performing Test CMAKE_HAVE_LIBC_PTHREAD
-- Performing Test CMAKE_HAVE_LIBC_PTHREAD - Success
-- Found Threads: TRUE  
-- Found rclcpp_action: 16.0.15 (/opt/ros/humble/share/rclcpp_action/cmake)
-- Found irobot_create_msgs: 2.1.0 (/opt/ros/humble/share/irobot_create_msgs/cmake)
-- Found nav2_msgs: 1.1.19 (/opt/ros/humble/share/nav2_msgs/cmake)
-- Configuring done
-- Generating done
-- Build files have been written to: /media/psf/Projekt_Mobile_Robotik/02_Roboprogramm/03_Pong/ros2_ws/build/pong_game
gmake[1]: Entering directory '/media/psf/Projekt_Mobile_Robotik/02_Roboprogramm/03_Pong/ros2_ws/build/pong_game'
gmake[2]: Entering directory '/media/psf/Projekt_Mobile_Robotik/02_Roboprogramm/03_Pong/ros2_ws/build/pong_game'
gmake[3]: Entering directory '/media/psf/Projekt_Mobile_Robotik/02_Roboprogramm/03_Pong/ros2_ws/build/pong_game'
gmake[3]: Leaving directory '/media/psf/Projekt_Mobile_Robotik/02_Roboprogramm/03_Pong/ros2_ws/build/pong_game'
gmake[3]: Entering directory '/media/psf/Projekt_Mobile_Robotik/02_Roboprogramm/03_Pong/ros2_ws/build/pong_game'
[ 20%] [32mBuilding CXX object CMakeFiles/pong_game.dir/src/main.cpp.o[0m
[ 20%] [32mBuilding CXX object CMakeFiles/pong_game.dir/src/classes/terminalPub.cpp.o[0m
[ 30%] [32mBuilding CXX object CMakeFiles/pong_game.dir/src/classes/states/initState.cpp.o[0m
[ 40%] [32mBuilding CXX object CMakeFiles/pong_game.dir/src/classes/states/idleState.cpp.o[0m
[01m[K/media/psf/Projekt_Mobile_Robotik/02_Roboprogramm/03_Pong/ros2_ws/src/classes/states/initState.cpp:[m[K In member function â€˜[01m[Kvirtual void InitState::run()[m[Kâ€™:
[01m[K/media/psf/Projekt_Mobile_Robotik/02_Roboprogramm/03_Pong/ros2_ws/src/classes/states/initState.cpp:144:52:[m[K [01;31m[Kerror: [m[Kâ€˜[01m[KBACKTOSTART[m[Kâ€™ is not a member of â€˜[01m[KStateType[m[Kâ€™; did you mean â€˜[01m[KBACK_TO_START[m[Kâ€™?
  144 |             _stateMachine->transitionTo(StateType::[01;31m[KBACKTOSTART[m[K);
      |                                                    [01;31m[K^~~~~~~~~~~[m[K
      |                                                    [32m[KBACK_TO_START[m[K
[01m[K/media/psf/Projekt_Mobile_Robotik/02_Roboprogramm/03_Pong/ros2_ws/src/classes/states/initState.cpp:[m[K In member function â€˜[01m[Kvirtual void InitState::onExit()[m[Kâ€™:
[01m[K/media/psf/Projekt_Mobile_Robotik/02_Roboprogramm/03_Pong/ros2_ws/src/classes/states/initState.cpp:158:5:[m[K [01;31m[Kerror: [m[Kâ€˜[01m[K_inputSubscription[m[Kâ€™ was not declared in this scope; did you mean â€˜[01m[K_buttonSubscription[m[Kâ€™?
  158 |     [01;31m[K_inputSubscription[m[K.reset();
      |     [01;31m[K^~~~~~~~~~~~~~~~~~[m[K
      |     [32m[K_buttonSubscription[m[K
[01m[K/media/psf/Projekt_Mobile_Robotik/02_Roboprogramm/03_Pong/ros2_ws/src/classes/states/initState.cpp:[m[K At global scope:
[01m[K/media/psf/Projekt_Mobile_Robotik/02_Roboprogramm/03_Pong/ros2_ws/src/classes/states/initState.cpp:179:6:[m[K [01;31m[Kerror: [m[Kno declaration matches â€˜[01m[Kvoid InitState::setPositionReference(float&, float&)[m[Kâ€™
  179 | void [01;31m[KInitState[m[K::setPositionReference(float &xRef, float &yRef) {
      |      [01;31m[K^~~~~~~~~[m[K
In file included from [01m[K/media/psf/Projekt_Mobile_Robotik/02_Roboprogramm/03_Pong/ros2_ws/src/classes/states/initState.cpp:8[m[K:
[01m[K/media/psf/Projekt_Mobile_Robotik/02_Roboprogramm/03_Pong/ros2_ws/src/classes/states/initState.hpp:60:10:[m[K [01;36m[Knote: [m[Kcandidate is: â€˜[01m[Kvoid InitState::setPositionReference(float*, float*)[m[Kâ€™
   60 |     void [01;36m[KsetPositionReference[m[K(float *xRef, float *yRef);
      |          [01;36m[K^~~~~~~~~~~~~~~~~~~~[m[K
[01m[K/media/psf/Projekt_Mobile_Robotik/02_Roboprogramm/03_Pong/ros2_ws/src/classes/states/initState.hpp:14:7:[m[K [01;36m[Knote: [m[Kâ€˜[01m[Kclass InitState[m[Kâ€™ defined here
   14 | class [01;36m[KInitState[m[K : public State, public rclcpp::Node {
      |       [01;36m[K^~~~~~~~~[m[K
[01m[K/media/psf/Projekt_Mobile_Robotik/02_Roboprogramm/03_Pong/ros2_ws/src/classes/states/idleState.cpp:[m[K In member function â€˜[01m[Kvirtual void IdleState::run()[m[Kâ€™:
[01m[K/media/psf/Projekt_Mobile_Robotik/02_Roboprogramm/03_Pong/ros2_ws/src/classes/states/idleState.cpp:69:48:[m[K [01;31m[Kerror: [m[Kâ€˜[01m[KBACKTOSTART[m[Kâ€™ is not a member of â€˜[01m[KStateType[m[Kâ€™; did you mean â€˜[01m[KBACK_TO_START[m[Kâ€™?
   69 |         _stateMachine->transitionTo(StateType::[01;31m[KBACKTOSTART[m[K);
      |                                                [01;31m[K^~~~~~~~~~~[m[K
      |                                                [32m[KBACK_TO_START[m[K
gmake[3]: *** [CMakeFiles/pong_game.dir/build.make:104: CMakeFiles/pong_game.dir/src/classes/states/initState.cpp.o] Error 1
gmake[3]: *** Waiting for unfinished jobs....
gmake[3]: *** [CMakeFiles/pong_game.dir/build.make:118: CMakeFiles/pong_game.dir/src/classes/states/idleState.cpp.o] Error 1
gmake[3]: Leaving directory '/media/psf/Projekt_Mobile_Robotik/02_Roboprogramm/03_Pong/ros2_ws/build/pong_game'
gmake[2]: *** [CMakeFiles/Makefile2:137: CMakeFiles/pong_game.dir/all] Error 2
gmake[2]: Leaving directory '/media/psf/Projekt_Mobile_Robotik/02_Roboprogramm/03_Pong/ros2_ws/build/pong_game'
gmake[1]: *** [Makefile:146: all] Error 2
gmake[1]: Leaving directory '/media/psf/Projekt_Mobile_Robotik/02_Roboprogramm/03_Pong/ros2_ws/build/pong_game'
