[0.012s] Invoking command in '/media/psf/Projekt_Mobile_Robotik/02_Roboprogramm/03_Pong/ros2_ws/build/pong_game': CMAKE_PREFIX_PATH=/opt/ros/humble /usr/bin/cmake --build /media/psf/Projekt_Mobile_Robotik/02_Roboprogramm/03_Pong/ros2_ws/build/pong_game -- -j2 -l2
[0.017s] gmake[1]: Entering directory '/media/psf/Projekt_Mobile_Robotik/02_Roboprogramm/03_Pong/ros2_ws/build/pong_game'
[0.034s] gmake[2]: Entering directory '/media/psf/Projekt_Mobile_Robotik/02_Roboprogramm/03_Pong/ros2_ws/build/pong_game'
[0.043s] gmake[3]: Entering directory '/media/psf/Projekt_Mobile_Robotik/02_Roboprogramm/03_Pong/ros2_ws/build/pong_game'
[0.051s] [35m[1mConsolidate compiler generated dependencies of target pong_game[0m
[0.753s] gmake[3]: Leaving directory '/media/psf/Projekt_Mobile_Robotik/02_Roboprogramm/03_Pong/ros2_ws/build/pong_game'
[0.768s] gmake[3]: Entering directory '/media/psf/Projekt_Mobile_Robotik/02_Roboprogramm/03_Pong/ros2_ws/build/pong_game'
[0.770s] [ 10%] [32mBuilding CXX object CMakeFiles/pong_game.dir/src/classes/states/driveState.cpp.o[0m
[0.780s] [ 20%] [32mBuilding CXX object CMakeFiles/pong_game.dir/src/classes/states/backToStartState.cpp.o[0m
[1.875s] [01m[K/media/psf/Projekt_Mobile_Robotik/02_Roboprogramm/03_Pong/ros2_ws/src/classes/states/backToStartState.cpp:[m[K In member function â€˜[01m[Kvoid BackToStartState::sendBackToStart()[m[Kâ€™:
[1.875s] [01m[K/media/psf/Projekt_Mobile_Robotik/02_Roboprogramm/03_Pong/ros2_ws/src/classes/states/backToStartState.cpp:58:38:[m[K [01;31m[Kerror: [m[Kâ€˜[01m[Ksx[m[Kâ€™ was not declared in this scope
[1.875s]    58 |     if (!_stateMachine->getStartPose([01;31m[Ksx[m[K, sy, syaw)) {
[1.875s]       |                                      [01;31m[K^~[m[K
[1.878s] [01m[K/media/psf/Projekt_Mobile_Robotik/02_Roboprogramm/03_Pong/ros2_ws/src/classes/states/backToStartState.cpp:58:42:[m[K [01;31m[Kerror: [m[Kâ€˜[01m[Ksy[m[Kâ€™ was not declared in this scope
[1.878s]    58 |     if (!_stateMachine->getStartPose(sx, [01;31m[Ksy[m[K, syaw)) {
[1.879s]       |                                          [01;31m[K^~[m[K
[1.882s] [01m[K/media/psf/Projekt_Mobile_Robotik/02_Roboprogramm/03_Pong/ros2_ws/src/classes/states/backToStartState.cpp:58:46:[m[K [01;31m[Kerror: [m[Kâ€˜[01m[Ksyaw[m[Kâ€™ was not declared in this scope
[1.882s]    58 |     if (!_stateMachine->getStartPose(sx, sy, [01;31m[Ksyaw[m[K)) {
[1.882s]       |                                              [01;31m[K^~~~[m[K
[1.885s] [01m[K/media/psf/Projekt_Mobile_Robotik/02_Roboprogramm/03_Pong/ros2_ws/src/classes/states/backToStartState.cpp:65:33:[m[K [01;31m[Kerror: [m[Kâ€˜[01m[Ksx[m[Kâ€™ was not declared in this scope
[1.886s]    65 |     goal.pose.pose.position.x = [01;31m[Ksx[m[K;
[1.886s]       |                                 [01;31m[K^~[m[K
[1.889s] [01m[K/media/psf/Projekt_Mobile_Robotik/02_Roboprogramm/03_Pong/ros2_ws/src/classes/states/backToStartState.cpp:66:33:[m[K [01;31m[Kerror: [m[Kâ€˜[01m[Ksy[m[Kâ€™ was not declared in this scope
[1.889s]    66 |     goal.pose.pose.position.y = [01;31m[Ksy[m[K;
[1.890s]       |                                 [01;31m[K^~[m[K
[1.893s] [01m[K/media/psf/Projekt_Mobile_Robotik/02_Roboprogramm/03_Pong/ros2_ws/src/classes/states/backToStartState.cpp:70:45:[m[K [01;31m[Kerror: [m[Kâ€˜[01m[Ksyaw[m[Kâ€™ was not declared in this scope
[1.893s]    70 |     goal.pose.pose.orientation.z = std::sin([01;31m[Ksyaw[m[K / 2.0);
[1.894s]       |                                             [01;31m[K^~~~[m[K
[1.897s] [01m[K/media/psf/Projekt_Mobile_Robotik/02_Roboprogramm/03_Pong/ros2_ws/src/classes/states/driveState.cpp:[m[K In member function â€˜[01m[Kvirtual void DriveState::onEnter()[m[Kâ€™:
[1.897s] [01m[K/media/psf/Projekt_Mobile_Robotik/02_Roboprogramm/03_Pong/ros2_ws/src/classes/states/driveState.cpp:54:5:[m[K [01;31m[Kerror: [m[Kâ€˜[01m[K_timerStart[m[Kâ€™ was not declared in this scope
[1.897s]    54 |     [01;31m[K_timerStart[m[K = std::chrono::steady_clock::now();
[1.898s]       |     [01;31m[K^~~~~~~~~~~[m[K
[1.904s] [01m[K/media/psf/Projekt_Mobile_Robotik/02_Roboprogramm/03_Pong/ros2_ws/src/classes/states/driveState.cpp:[m[K In member function â€˜[01m[Kvirtual void DriveState::run()[m[Kâ€™:
[1.905s] [01m[K/media/psf/Projekt_Mobile_Robotik/02_Roboprogramm/03_Pong/ros2_ws/src/classes/states/driveState.cpp:66:45:[m[K [01;31m[Kerror: [m[Kâ€˜[01m[K_timerStart[m[Kâ€™ was not declared in this scope
[1.905s]    66 |     if ((std::chrono::steady_clock::now() - [01;31m[K_timerStart[m[K) > std::chrono::milliseconds(50)) {
[1.905s]       |                                             [01;31m[K^~~~~~~~~~~[m[K
[1.916s] [01m[K/media/psf/Projekt_Mobile_Robotik/02_Roboprogramm/03_Pong/ros2_ws/src/classes/states/driveState.cpp:[m[K In member function â€˜[01m[Kvirtual void DriveState::onExit()[m[Kâ€™:
[1.916s] [01m[K/media/psf/Projekt_Mobile_Robotik/02_Roboprogramm/03_Pong/ros2_ws/src/classes/states/driveState.cpp:85:5:[m[K [01;31m[Kerror: [m[Kâ€˜[01m[K_lightringPublisher[m[Kâ€™ was not declared in this scope; did you mean â€˜[01m[K_drivePublisher[m[Kâ€™?
[1.917s]    85 |     [01;31m[K_lightringPublisher[m[K.reset();
[1.917s]       |     [01;31m[K^~~~~~~~~~~~~~~~~~~[m[K
[1.917s]       |     [32m[K_drivePublisher[m[K
[2.202s] gmake[3]: *** [CMakeFiles/pong_game.dir/build.make:160: CMakeFiles/pong_game.dir/src/classes/states/backToStartState.cpp.o] Error 1
[2.202s] gmake[3]: *** Waiting for unfinished jobs....
[3.716s] gmake[3]: *** [CMakeFiles/pong_game.dir/build.make:146: CMakeFiles/pong_game.dir/src/classes/states/driveState.cpp.o] Error 1
[3.717s] gmake[3]: Leaving directory '/media/psf/Projekt_Mobile_Robotik/02_Roboprogramm/03_Pong/ros2_ws/build/pong_game'
[3.718s] gmake[2]: Leaving directory '/media/psf/Projekt_Mobile_Robotik/02_Roboprogramm/03_Pong/ros2_ws/build/pong_game'
[3.718s] gmake[2]: *** [CMakeFiles/Makefile2:137: CMakeFiles/pong_game.dir/all] Error 2
[3.718s] gmake[1]: Leaving directory '/media/psf/Projekt_Mobile_Robotik/02_Roboprogramm/03_Pong/ros2_ws/build/pong_game'
[3.719s] gmake[1]: *** [Makefile:146: all] Error 2
[3.720s] Invoked command in '/media/psf/Projekt_Mobile_Robotik/02_Roboprogramm/03_Pong/ros2_ws/build/pong_game' returned '2': CMAKE_PREFIX_PATH=/opt/ros/humble /usr/bin/cmake --build /media/psf/Projekt_Mobile_Robotik/02_Roboprogramm/03_Pong/ros2_ws/build/pong_game -- -j2 -l2
