gmake[1]: Entering directory '/media/psf/Projekt_Mobile_Robotik/02_Roboprogramm/02_Turtlebot4/ros2_ws/build/pong_game'
gmake[2]: Entering directory '/media/psf/Projekt_Mobile_Robotik/02_Roboprogramm/02_Turtlebot4/ros2_ws/build/pong_game'
gmake[3]: Entering directory '/media/psf/Projekt_Mobile_Robotik/02_Roboprogramm/02_Turtlebot4/ros2_ws/build/pong_game'
[35m[1mConsolidate compiler generated dependencies of target pong_game[0m
gmake[3]: Leaving directory '/media/psf/Projekt_Mobile_Robotik/02_Roboprogramm/02_Turtlebot4/ros2_ws/build/pong_game'
gmake[3]: Entering directory '/media/psf/Projekt_Mobile_Robotik/02_Roboprogramm/02_Turtlebot4/ros2_ws/build/pong_game'
[ 20%] [32mBuilding CXX object CMakeFiles/pong_game.dir/src/classes/turtlebot4.cpp.o[0m
[ 40%] [32mBuilding CXX object CMakeFiles/pong_game.dir/src/classes/states/initState.cpp.o[0m
In file included from [01m[K/media/psf/Projekt_Mobile_Robotik/02_Roboprogramm/02_Turtlebot4/ros2_ws/src/classes/states/initState.cpp:7[m[K:
[01m[K/media/psf/Projekt_Mobile_Robotik/02_Roboprogramm/02_Turtlebot4/ros2_ws/src/classes/states/initState.hpp:30:41:[m[K [01;31m[Kerror: [m[Kâ€˜[01m[KString[m[Kâ€™ is not a member of â€˜[01m[Kstd_msgs::msg[m[Kâ€™
   30 |     rclcpp::Subscription<std_msgs::msg::[01;31m[KString[m[K>::SharedPtr _inputSubscription;
      |                                         [01;31m[K^~~~~~[m[K
[01m[K/media/psf/Projekt_Mobile_Robotik/02_Roboprogramm/02_Turtlebot4/ros2_ws/src/classes/states/initState.hpp:30:47:[m[K [01;31m[Kerror: [m[Ktemplate argument 1 is invalid
   30 |     rclcpp::Subscription<std_msgs::msg::String[01;31m[K>[m[K::SharedPtr _inputSubscription;
      |                                               [01;31m[K^[m[K
[01m[K/media/psf/Projekt_Mobile_Robotik/02_Roboprogramm/02_Turtlebot4/ros2_ws/src/classes/states/initState.hpp:30:47:[m[K [01;31m[Kerror: [m[Ktemplate argument 3 is invalid
[01m[K/media/psf/Projekt_Mobile_Robotik/02_Roboprogramm/02_Turtlebot4/ros2_ws/src/classes/states/initState.hpp:30:47:[m[K [01;31m[Kerror: [m[Ktemplate argument 4 is invalid
[01m[K/media/psf/Projekt_Mobile_Robotik/02_Roboprogramm/02_Turtlebot4/ros2_ws/src/classes/states/initState.hpp:30:47:[m[K [01;31m[Kerror: [m[Ktemplate argument 5 is invalid
[01m[K/media/psf/Projekt_Mobile_Robotik/02_Roboprogramm/02_Turtlebot4/ros2_ws/src/classes/states/initState.hpp:30:50:[m[K [01;31m[Kerror: [m[Kexpected â€˜[01m[K;[m[Kâ€™ at end of member declaration
   30 |     rclcpp::Subscription<std_msgs::msg::String>::[01;31m[KSharedPtr[m[K _inputSubscription;
      |                                                  [01;31m[K^~~~~~~~~[m[K
      |                                                           [32m[K;[m[K
[01m[K/media/psf/Projekt_Mobile_Robotik/02_Roboprogramm/02_Turtlebot4/ros2_ws/src/classes/states/initState.hpp:30:60:[m[K [01;31m[Kerror: [m[Kâ€˜[01m[K_inputSubscription[m[Kâ€™ does not name a type
   30 |     rclcpp::Subscription<std_msgs::msg::String>::SharedPtr [01;31m[K_inputSubscription[m[K;
      |                                                            [01;31m[K^~~~~~~~~~~~~~~~~~[m[K
[01m[K/media/psf/Projekt_Mobile_Robotik/02_Roboprogramm/02_Turtlebot4/ros2_ws/src/classes/states/initState.cpp:[m[K In constructor â€˜[01m[KInitState::InitState(StateMachine*)[m[Kâ€™:
[01m[K/media/psf/Projekt_Mobile_Robotik/02_Roboprogramm/02_Turtlebot4/ros2_ws/src/classes/states/initState.cpp:12:27:[m[K [01;31m[Kerror: [m[Kclass â€˜[01m[KInitState[m[Kâ€™ does not have any field named â€˜[01m[K_initializationComplete[m[Kâ€™
   12 |     : Node("init_state"), [01;31m[K_initializationComplete[m[K(false), _initStep(0),
      |                           [01;31m[K^~~~~~~~~~~~~~~~~~~~~~~[m[K
[01m[K/media/psf/Projekt_Mobile_Robotik/02_Roboprogramm/02_Turtlebot4/ros2_ws/src/classes/states/initState.cpp:12:59:[m[K [01;31m[Kerror: [m[Kclass â€˜[01m[KInitState[m[Kâ€™ does not have any field named â€˜[01m[K_initStep[m[Kâ€™
   12 |     : Node("init_state"), _initializationComplete(false), [01;31m[K_initStep[m[K(0),
      |                                                           [01;31m[K^~~~~~~~~[m[K
[01m[K/media/psf/Projekt_Mobile_Robotik/02_Roboprogramm/02_Turtlebot4/ros2_ws/src/classes/states/initState.cpp:13:33:[m[K [01;31m[Kerror: [m[Kno matching function for call to â€˜[01m[KState::State()[m[Kâ€™
   13 |       _stateMachine(stateMachine[01;31m[K)[m[K {
      |                                 [01;31m[K^[m[K
In file included from [01m[K/media/psf/Projekt_Mobile_Robotik/02_Roboprogramm/02_Turtlebot4/ros2_ws/src/classes/states/../statemachine.hpp:6[m[K,
                 from [01m[K/media/psf/Projekt_Mobile_Robotik/02_Roboprogramm/02_Turtlebot4/ros2_ws/src/classes/states/initState.cpp:6[m[K:
[01m[K/media/psf/Projekt_Mobile_Robotik/02_Roboprogramm/02_Turtlebot4/ros2_ws/src/classes/states/../states/state.hpp:31:14:[m[K [01;36m[Knote: [m[Kcandidate: â€˜[01m[KState::State(StateMachine*)[m[Kâ€™
   31 |     explicit [01;36m[KState[m[K(StateMachine* stateMachine) : _stateMachine(stateMachine) {};
      |              [01;36m[K^~~~~[m[K
[01m[K/media/psf/Projekt_Mobile_Robotik/02_Roboprogramm/02_Turtlebot4/ros2_ws/src/classes/states/../states/state.hpp:31:14:[m[K [01;36m[Knote: [m[K  candidate expects 1 argument, 0 provided
[01m[K/media/psf/Projekt_Mobile_Robotik/02_Roboprogramm/02_Turtlebot4/ros2_ws/src/classes/states/../states/state.hpp:10:7:[m[K [01;36m[Knote: [m[Kcandidate: â€˜[01m[Kconstexpr State::State(const State&)[m[Kâ€™
   10 | class [01;36m[KState[m[K {
      |       [01;36m[K^~~~~[m[K
[01m[K/media/psf/Projekt_Mobile_Robotik/02_Roboprogramm/02_Turtlebot4/ros2_ws/src/classes/states/../states/state.hpp:10:7:[m[K [01;36m[Knote: [m[K  candidate expects 1 argument, 0 provided
[01m[K/media/psf/Projekt_Mobile_Robotik/02_Roboprogramm/02_Turtlebot4/ros2_ws/src/classes/states/initState.cpp:[m[K In member function â€˜[01m[Kvirtual void InitState::onEnter()[m[Kâ€™:
[01m[K/media/psf/Projekt_Mobile_Robotik/02_Roboprogramm/02_Turtlebot4/ros2_ws/src/classes/states/initState.cpp:21:5:[m[K [01;31m[Kerror: [m[Kâ€˜[01m[K_inputSubscription[m[Kâ€™ was not declared in this scope
   21 |     [01;31m[K_inputSubscription[m[K = this->create_subscription<std_msgs::msg::String>(
      |     [01;31m[K^~~~~~~~~~~~~~~~~~[m[K
[01m[K/media/psf/Projekt_Mobile_Robotik/02_Roboprogramm/02_Turtlebot4/ros2_ws/src/classes/states/initState.cpp:21:67:[m[K [01;31m[Kerror: [m[Kâ€˜[01m[KString[m[Kâ€™ is not a member of â€˜[01m[Kstd_msgs::msg[m[Kâ€™
   21 |     _inputSubscription = this->create_subscription<std_msgs::msg::[01;31m[KString[m[K>(
      |                                                                   [01;31m[K^~~~~~[m[K
[01m[K/media/psf/Projekt_Mobile_Robotik/02_Roboprogramm/02_Turtlebot4/ros2_ws/src/classes/states/initState.cpp:23:31:[m[K [01;31m[Kerror: [m[Kâ€˜[01m[KreceiveUserInput[m[Kâ€™ is not a member of â€˜[01m[KInitState[m[Kâ€™
   23 |         std::bind(&InitState::[01;31m[KreceiveUserInput[m[K, this, std::placeholders::_1)
      |                               [01;31m[K^~~~~~~~~~~~~~~~[m[K
[01m[K/media/psf/Projekt_Mobile_Robotik/02_Roboprogramm/02_Turtlebot4/ros2_ws/src/classes/states/initState.cpp:[m[K At global scope:
[01m[K/media/psf/Projekt_Mobile_Robotik/02_Roboprogramm/02_Turtlebot4/ros2_ws/src/classes/states/initState.cpp:51:55:[m[K [01;31m[Kerror: [m[Kâ€˜[01m[KString[m[Kâ€™ in namespace â€˜[01m[Kstd_msgs::msg[m[Kâ€™ does not name a type
   51 | void InitState::receiveUserInput(const std_msgs::msg::[01;31m[KString[m[K::SharedPtr msg) {
      |                                                       [01;31m[K^~~~~~[m[K
[01m[K/media/psf/Projekt_Mobile_Robotik/02_Roboprogramm/02_Turtlebot4/ros2_ws/src/classes/states/initState.cpp:51:73:[m[K [01;31m[Kerror: [m[Kexpected unqualified-id before â€˜[01m[Kmsg[m[Kâ€™
   51 | void InitState::receiveUserInput(const std_msgs::msg::String::SharedPtr [01;31m[Kmsg[m[K) {
      |                                                                         [01;31m[K^~~[m[K
[01m[K/media/psf/Projekt_Mobile_Robotik/02_Roboprogramm/02_Turtlebot4/ros2_ws/src/classes/states/initState.cpp:51:72:[m[K [01;31m[Kerror: [m[Kexpected â€˜[01m[K)[m[Kâ€™ before â€˜[01m[Kmsg[m[Kâ€™
   51 | void InitState::receiveUserInput[34m[K([m[Kconst std_msgs::msg::String::SharedPtr[01;31m[K [m[K[32m[Kmsg[m[K) {
      |                                 [34m[K~[m[K                                      [01;31m[K^[m[K[32m[K~~~[m[K
      |                                                                        [32m[K)[m[K
[01m[K/media/psf/Projekt_Mobile_Robotik/02_Roboprogramm/02_Turtlebot4/ros2_ws/src/classes/states/initState.cpp:51:73:[m[K [01;31m[Kerror: [m[Kexpected initializer before â€˜[01m[Kmsg[m[Kâ€™
   51 | void InitState::receiveUserInput(const std_msgs::msg::String::SharedPtr [01;31m[Kmsg[m[K) {
      |                                                                         [01;31m[K^~~[m[K
In file included from [01m[K/usr/include/aarch64-linux-gnu/c++/11/bits/c++allocator.h:33[m[K,
                 from [01m[K/usr/include/c++/11/bits/allocator.h:46[m[K,
                 from [01m[K/usr/include/c++/11/memory:64[m[K,
                 from [01m[K/opt/ros/humble/include/rclcpp/rclcpp/rclcpp.hpp:153[m[K,
                 from [01m[K/media/psf/Projekt_Mobile_Robotik/02_Roboprogramm/02_Turtlebot4/ros2_ws/src/classes/states/initState.cpp:5[m[K:
/usr/include/c++/11/ext/new_allocator.h: In instantiation of â€˜[01m[Kvoid __gnu_cxx::new_allocator<_Tp>::construct(_Up*, _Args&& ...) [with _Up = InitState; _Args = {InitState*}; _Tp = InitState][m[Kâ€™:
[01m[K/usr/include/c++/11/bits/alloc_traits.h:516:17:[m[K   required from â€˜[01m[Kstatic void std::allocator_traits<std::allocator<_CharT> >::construct(std::allocator_traits<std::allocator<_CharT> >::allocator_type&, _Up*, _Args&& ...) [with _Up = InitState; _Args = {InitState*}; _Tp = InitState; std::allocator_traits<std::allocator<_CharT> >::allocator_type = std::allocator<InitState>][m[Kâ€™
[01m[K/usr/include/c++/11/bits/shared_ptr_base.h:519:39:[m[K   required from â€˜[01m[Kstd::_Sp_counted_ptr_inplace<_Tp, _Alloc, _Lp>::_Sp_counted_ptr_inplace(_Alloc, _Args&& ...) [with _Args = {InitState*}; _Tp = InitState; _Alloc = std::allocator<InitState>; __gnu_cxx::_Lock_policy _Lp = __gnu_cxx::_S_atomic][m[Kâ€™
[01m[K/usr/include/c++/11/bits/shared_ptr_base.h:650:16:[m[K   required from â€˜[01m[Kstd::__shared_count<_Lp>::__shared_count(_Tp*&, std::_Sp_alloc_shared_tag<_Alloc>, _Args&& ...) [with _Tp = InitState; _Alloc = std::allocator<InitState>; _Args = {InitState*}; __gnu_cxx::_Lock_policy _Lp = __gnu_cxx::_S_atomic][m[Kâ€™
[01m[K/usr/include/c++/11/bits/shared_ptr_base.h:1342:14:[m[K   required from â€˜[01m[Kstd::__shared_ptr<_Tp, _Lp>::__shared_ptr(std::_Sp_alloc_shared_tag<_Tp>, _Args&& ...) [with _Alloc = std::allocator<InitState>; _Args = {InitState*}; _Tp = InitState; __gnu_cxx::_Lock_policy _Lp = __gnu_cxx::_S_atomic][m[Kâ€™
[01m[K/usr/include/c++/11/bits/shared_ptr.h:409:59:[m[K   required from â€˜[01m[Kstd::shared_ptr<_Tp>::shared_ptr(std::_Sp_alloc_shared_tag<_Tp>, _Args&& ...) [with _Alloc = std::allocator<InitState>; _Args = {InitState*}; _Tp = InitState][m[Kâ€™
[01m[K/usr/include/c++/11/bits/shared_ptr.h:862:14:[m[K   required from â€˜[01m[Kstd::shared_ptr<_Tp> std::allocate_shared(const _Alloc&, _Args&& ...) [with _Tp = InitState; _Alloc = std::allocator<InitState>; _Args = {InitState*}][m[Kâ€™
[01m[K/usr/include/c++/11/bits/shared_ptr.h:878:39:[m[K   required from â€˜[01m[Kstd::shared_ptr<_Tp> std::make_shared(_Args&& ...) [with _Tp = InitState; _Args = {InitState*}][m[Kâ€™
[01m[K/media/psf/Projekt_Mobile_Robotik/02_Roboprogramm/02_Turtlebot4/ros2_ws/src/classes/states/initState.cpp:34:45:[m[K   required from here
[01m[K/usr/include/c++/11/ext/new_allocator.h:162:11:[m[K [01;31m[Kerror: [m[Kno matching function for call to â€˜[01m[KInitState::InitState(InitState*)[m[Kâ€™
  162 |         { [01;31m[K::new((void *)__p) _Up(std::forward<_Args>(__args)...)[m[K; }
      |           [01;31m[K^~~~~~~~~~~~~~~~~~~~~~~~~~~~~~~~~~~~~~~~~~~~~~~~~~~~~~[m[K
[01m[K/media/psf/Projekt_Mobile_Robotik/02_Roboprogramm/02_Turtlebot4/ros2_ws/src/classes/states/initState.cpp:11:1:[m[K [01;36m[Knote: [m[Kcandidate: â€˜[01m[KInitState::InitState(StateMachine*)[m[Kâ€™
   11 | [01;36m[KInitState[m[K::InitState(StateMachine *stateMachine)
      | [01;36m[K^~~~~~~~~[m[K
[01m[K/media/psf/Projekt_Mobile_Robotik/02_Roboprogramm/02_Turtlebot4/ros2_ws/src/classes/states/initState.cpp:11:36:[m[K [01;36m[Knote: [m[K  no known conversion for argument 1 from â€˜[01m[KInitState*[m[Kâ€™ to â€˜[01m[KStateMachine*[m[Kâ€™
   11 | InitState::InitState([01;36m[KStateMachine *stateMachine[m[K)
      |                      [01;36m[K~~~~~~~~~~~~~~^~~~~~~~~~~~[m[K
gmake[3]: *** [CMakeFiles/pong_game.dir/build.make:118: CMakeFiles/pong_game.dir/src/classes/states/initState.cpp.o] Error 1
gmake[3]: *** Waiting for unfinished jobs....
gmake[3]: Leaving directory '/media/psf/Projekt_Mobile_Robotik/02_Roboprogramm/02_Turtlebot4/ros2_ws/build/pong_game'
gmake[2]: *** [CMakeFiles/Makefile2:137: CMakeFiles/pong_game.dir/all] Error 2
gmake[2]: Leaving directory '/media/psf/Projekt_Mobile_Robotik/02_Roboprogramm/02_Turtlebot4/ros2_ws/build/pong_game'
gmake[1]: *** [Makefile:146: all] Error 2
gmake[1]: Leaving directory '/media/psf/Projekt_Mobile_Robotik/02_Roboprogramm/02_Turtlebot4/ros2_ws/build/pong_game'
