[0.015s] Invoking command in '/media/psf/Projekt_Mobile_Robotik/02_Roboprogramm/02_Turtlebot4/ros2_ws/build/pong_game': CMAKE_PREFIX_PATH=/opt/ros/humble /usr/bin/cmake --build /media/psf/Projekt_Mobile_Robotik/02_Roboprogramm/02_Turtlebot4/ros2_ws/build/pong_game -- -j2 -l2
[0.018s] gmake[1]: Entering directory '/media/psf/Projekt_Mobile_Robotik/02_Roboprogramm/02_Turtlebot4/ros2_ws/build/pong_game'
[0.042s] gmake[2]: Entering directory '/media/psf/Projekt_Mobile_Robotik/02_Roboprogramm/02_Turtlebot4/ros2_ws/build/pong_game'
[0.048s] gmake[3]: Entering directory '/media/psf/Projekt_Mobile_Robotik/02_Roboprogramm/02_Turtlebot4/ros2_ws/build/pong_game'
[0.058s] [35m[1mConsolidate compiler generated dependencies of target pong_game[0m
[0.438s] gmake[3]: Leaving directory '/media/psf/Projekt_Mobile_Robotik/02_Roboprogramm/02_Turtlebot4/ros2_ws/build/pong_game'
[0.449s] gmake[3]: Entering directory '/media/psf/Projekt_Mobile_Robotik/02_Roboprogramm/02_Turtlebot4/ros2_ws/build/pong_game'
[0.453s] [ 20%] [32mBuilding CXX object CMakeFiles/pong_game.dir/src/classes/turtlebot4.cpp.o[0m
[0.455s] [ 40%] [32mBuilding CXX object CMakeFiles/pong_game.dir/src/classes/states/initState.cpp.o[0m
[1.627s] In file included from [01m[K/media/psf/Projekt_Mobile_Robotik/02_Roboprogramm/02_Turtlebot4/ros2_ws/src/classes/states/initState.cpp:7[m[K:
[1.628s] [01m[K/media/psf/Projekt_Mobile_Robotik/02_Roboprogramm/02_Turtlebot4/ros2_ws/src/classes/states/initState.hpp:30:41:[m[K [01;31m[Kerror: [m[Kâ€˜[01m[KString[m[Kâ€™ is not a member of â€˜[01m[Kstd_msgs::msg[m[Kâ€™
[1.628s]    30 |     rclcpp::Subscription<std_msgs::msg::[01;31m[KString[m[K>::SharedPtr _inputSubscription;
[1.628s]       |                                         [01;31m[K^~~~~~[m[K
[1.628s] [01m[K/media/psf/Projekt_Mobile_Robotik/02_Roboprogramm/02_Turtlebot4/ros2_ws/src/classes/states/initState.hpp:30:47:[m[K [01;31m[Kerror: [m[Ktemplate argument 1 is invalid
[1.629s]    30 |     rclcpp::Subscription<std_msgs::msg::String[01;31m[K>[m[K::SharedPtr _inputSubscription;
[1.629s]       |                                               [01;31m[K^[m[K
[1.629s] [01m[K/media/psf/Projekt_Mobile_Robotik/02_Roboprogramm/02_Turtlebot4/ros2_ws/src/classes/states/initState.hpp:30:47:[m[K [01;31m[Kerror: [m[Ktemplate argument 3 is invalid
[1.634s] [01m[K/media/psf/Projekt_Mobile_Robotik/02_Roboprogramm/02_Turtlebot4/ros2_ws/src/classes/states/initState.hpp:30:47:[m[K [01;31m[Kerror: [m[Ktemplate argument 4 is invalid
[1.634s] [01m[K/media/psf/Projekt_Mobile_Robotik/02_Roboprogramm/02_Turtlebot4/ros2_ws/src/classes/states/initState.hpp:30:47:[m[K [01;31m[Kerror: [m[Ktemplate argument 5 is invalid
[1.634s] [01m[K/media/psf/Projekt_Mobile_Robotik/02_Roboprogramm/02_Turtlebot4/ros2_ws/src/classes/states/initState.hpp:30:50:[m[K [01;31m[Kerror: [m[Kexpected â€˜[01m[K;[m[Kâ€™ at end of member declaration
[1.635s]    30 |     rclcpp::Subscription<std_msgs::msg::String>::[01;31m[KSharedPtr[m[K _inputSubscription;
[1.635s]       |                                                  [01;31m[K^~~~~~~~~[m[K
[1.635s]       |                                                           [32m[K;[m[K
[1.637s] [01m[K/media/psf/Projekt_Mobile_Robotik/02_Roboprogramm/02_Turtlebot4/ros2_ws/src/classes/states/initState.hpp:30:60:[m[K [01;31m[Kerror: [m[Kâ€˜[01m[K_inputSubscription[m[Kâ€™ does not name a type
[1.637s]    30 |     rclcpp::Subscription<std_msgs::msg::String>::SharedPtr [01;31m[K_inputSubscription[m[K;
[1.638s]       |                                                            [01;31m[K^~~~~~~~~~~~~~~~~~[m[K
[1.638s] [01m[K/media/psf/Projekt_Mobile_Robotik/02_Roboprogramm/02_Turtlebot4/ros2_ws/src/classes/states/initState.cpp:[m[K In constructor â€˜[01m[KInitState::InitState(StateMachine*)[m[Kâ€™:
[1.639s] [01m[K/media/psf/Projekt_Mobile_Robotik/02_Roboprogramm/02_Turtlebot4/ros2_ws/src/classes/states/initState.cpp:12:27:[m[K [01;31m[Kerror: [m[Kclass â€˜[01m[KInitState[m[Kâ€™ does not have any field named â€˜[01m[K_initializationComplete[m[Kâ€™
[1.639s]    12 |     : Node("init_state"), [01;31m[K_initializationComplete[m[K(false), _initStep(0),
[1.639s]       |                           [01;31m[K^~~~~~~~~~~~~~~~~~~~~~~[m[K
[1.639s] [01m[K/media/psf/Projekt_Mobile_Robotik/02_Roboprogramm/02_Turtlebot4/ros2_ws/src/classes/states/initState.cpp:12:59:[m[K [01;31m[Kerror: [m[Kclass â€˜[01m[KInitState[m[Kâ€™ does not have any field named â€˜[01m[K_initStep[m[Kâ€™
[1.640s]    12 |     : Node("init_state"), _initializationComplete(false), [01;31m[K_initStep[m[K(0),
[1.640s]       |                                                           [01;31m[K^~~~~~~~~[m[K
[1.640s] [01m[K/media/psf/Projekt_Mobile_Robotik/02_Roboprogramm/02_Turtlebot4/ros2_ws/src/classes/states/initState.cpp:13:33:[m[K [01;31m[Kerror: [m[Kno matching function for call to â€˜[01m[KState::State()[m[Kâ€™
[1.641s]    13 |       _stateMachine(stateMachine[01;31m[K)[m[K {
[1.641s]       |                                 [01;31m[K^[m[K
[1.641s] In file included from [01m[K/media/psf/Projekt_Mobile_Robotik/02_Roboprogramm/02_Turtlebot4/ros2_ws/src/classes/states/../statemachine.hpp:6[m[K,
[1.642s]                  from [01m[K/media/psf/Projekt_Mobile_Robotik/02_Roboprogramm/02_Turtlebot4/ros2_ws/src/classes/states/initState.cpp:6[m[K:
[1.642s] [01m[K/media/psf/Projekt_Mobile_Robotik/02_Roboprogramm/02_Turtlebot4/ros2_ws/src/classes/states/../states/state.hpp:31:14:[m[K [01;36m[Knote: [m[Kcandidate: â€˜[01m[KState::State(StateMachine*)[m[Kâ€™
[1.642s]    31 |     explicit [01;36m[KState[m[K(StateMachine* stateMachine) : _stateMachine(stateMachine) {};
[1.643s]       |              [01;36m[K^~~~~[m[K
[1.643s] [01m[K/media/psf/Projekt_Mobile_Robotik/02_Roboprogramm/02_Turtlebot4/ros2_ws/src/classes/states/../states/state.hpp:31:14:[m[K [01;36m[Knote: [m[K  candidate expects 1 argument, 0 provided
[1.643s] [01m[K/media/psf/Projekt_Mobile_Robotik/02_Roboprogramm/02_Turtlebot4/ros2_ws/src/classes/states/../states/state.hpp:10:7:[m[K [01;36m[Knote: [m[Kcandidate: â€˜[01m[Kconstexpr State::State(const State&)[m[Kâ€™
[1.643s]    10 | class [01;36m[KState[m[K {
[1.644s]       |       [01;36m[K^~~~~[m[K
[1.644s] [01m[K/media/psf/Projekt_Mobile_Robotik/02_Roboprogramm/02_Turtlebot4/ros2_ws/src/classes/states/../states/state.hpp:10:7:[m[K [01;36m[Knote: [m[K  candidate expects 1 argument, 0 provided
[1.658s] [01m[K/media/psf/Projekt_Mobile_Robotik/02_Roboprogramm/02_Turtlebot4/ros2_ws/src/classes/states/initState.cpp:[m[K In member function â€˜[01m[Kvirtual void InitState::onEnter()[m[Kâ€™:
[1.658s] [01m[K/media/psf/Projekt_Mobile_Robotik/02_Roboprogramm/02_Turtlebot4/ros2_ws/src/classes/states/initState.cpp:21:5:[m[K [01;31m[Kerror: [m[Kâ€˜[01m[K_inputSubscription[m[Kâ€™ was not declared in this scope
[1.659s]    21 |     [01;31m[K_inputSubscription[m[K = this->create_subscription<std_msgs::msg::String>(
[1.659s]       |     [01;31m[K^~~~~~~~~~~~~~~~~~[m[K
[1.659s] [01m[K/media/psf/Projekt_Mobile_Robotik/02_Roboprogramm/02_Turtlebot4/ros2_ws/src/classes/states/initState.cpp:21:67:[m[K [01;31m[Kerror: [m[Kâ€˜[01m[KString[m[Kâ€™ is not a member of â€˜[01m[Kstd_msgs::msg[m[Kâ€™
[1.660s]    21 |     _inputSubscription = this->create_subscription<std_msgs::msg::[01;31m[KString[m[K>(
[1.660s]       |                                                                   [01;31m[K^~~~~~[m[K
[1.660s] [01m[K/media/psf/Projekt_Mobile_Robotik/02_Roboprogramm/02_Turtlebot4/ros2_ws/src/classes/states/initState.cpp:23:31:[m[K [01;31m[Kerror: [m[Kâ€˜[01m[KreceiveUserInput[m[Kâ€™ is not a member of â€˜[01m[KInitState[m[Kâ€™
[1.661s]    23 |         std::bind(&InitState::[01;31m[KreceiveUserInput[m[K, this, std::placeholders::_1)
[1.661s]       |                               [01;31m[K^~~~~~~~~~~~~~~~[m[K
[1.663s] [01m[K/media/psf/Projekt_Mobile_Robotik/02_Roboprogramm/02_Turtlebot4/ros2_ws/src/classes/states/initState.cpp:[m[K At global scope:
[1.663s] [01m[K/media/psf/Projekt_Mobile_Robotik/02_Roboprogramm/02_Turtlebot4/ros2_ws/src/classes/states/initState.cpp:51:55:[m[K [01;31m[Kerror: [m[Kâ€˜[01m[KString[m[Kâ€™ in namespace â€˜[01m[Kstd_msgs::msg[m[Kâ€™ does not name a type
[1.664s]    51 | void InitState::receiveUserInput(const std_msgs::msg::[01;31m[KString[m[K::SharedPtr msg) {
[1.664s]       |                                                       [01;31m[K^~~~~~[m[K
[1.664s] [01m[K/media/psf/Projekt_Mobile_Robotik/02_Roboprogramm/02_Turtlebot4/ros2_ws/src/classes/states/initState.cpp:51:73:[m[K [01;31m[Kerror: [m[Kexpected unqualified-id before â€˜[01m[Kmsg[m[Kâ€™
[1.664s]    51 | void InitState::receiveUserInput(const std_msgs::msg::String::SharedPtr [01;31m[Kmsg[m[K) {
[1.665s]       |                                                                         [01;31m[K^~~[m[K
[1.665s] [01m[K/media/psf/Projekt_Mobile_Robotik/02_Roboprogramm/02_Turtlebot4/ros2_ws/src/classes/states/initState.cpp:51:72:[m[K [01;31m[Kerror: [m[Kexpected â€˜[01m[K)[m[Kâ€™ before â€˜[01m[Kmsg[m[Kâ€™
[1.665s]    51 | void InitState::receiveUserInput[34m[K([m[Kconst std_msgs::msg::String::SharedPtr[01;31m[K [m[K[32m[Kmsg[m[K) {
[1.666s]       |                                 [34m[K~[m[K                                      [01;31m[K^[m[K[32m[K~~~[m[K
[1.666s]       |                                                                        [32m[K)[m[K
[1.666s] [01m[K/media/psf/Projekt_Mobile_Robotik/02_Roboprogramm/02_Turtlebot4/ros2_ws/src/classes/states/initState.cpp:51:73:[m[K [01;31m[Kerror: [m[Kexpected initializer before â€˜[01m[Kmsg[m[Kâ€™
[1.667s]    51 | void InitState::receiveUserInput(const std_msgs::msg::String::SharedPtr [01;31m[Kmsg[m[K) {
[1.667s]       |                                                                         [01;31m[K^~~[m[K
[1.826s] In file included from [01m[K/usr/include/aarch64-linux-gnu/c++/11/bits/c++allocator.h:33[m[K,
[1.827s]                  from [01m[K/usr/include/c++/11/bits/allocator.h:46[m[K,
[1.827s]                  from [01m[K/usr/include/c++/11/memory:64[m[K,
[1.827s]                  from [01m[K/opt/ros/humble/include/rclcpp/rclcpp/rclcpp.hpp:153[m[K,
[1.828s]                  from [01m[K/media/psf/Projekt_Mobile_Robotik/02_Roboprogramm/02_Turtlebot4/ros2_ws/src/classes/states/initState.cpp:5[m[K:
[1.828s] /usr/include/c++/11/ext/new_allocator.h: In instantiation of â€˜[01m[Kvoid __gnu_cxx::new_allocator<_Tp>::construct(_Up*, _Args&& ...) [with _Up = InitState; _Args = {InitState*}; _Tp = InitState][m[Kâ€™:
[1.828s] [01m[K/usr/include/c++/11/bits/alloc_traits.h:516:17:[m[K   required from â€˜[01m[Kstatic void std::allocator_traits<std::allocator<_CharT> >::construct(std::allocator_traits<std::allocator<_CharT> >::allocator_type&, _Up*, _Args&& ...) [with _Up = InitState; _Args = {InitState*}; _Tp = InitState; std::allocator_traits<std::allocator<_CharT> >::allocator_type = std::allocator<InitState>][m[Kâ€™
[1.829s] [01m[K/usr/include/c++/11/bits/shared_ptr_base.h:519:39:[m[K   required from â€˜[01m[Kstd::_Sp_counted_ptr_inplace<_Tp, _Alloc, _Lp>::_Sp_counted_ptr_inplace(_Alloc, _Args&& ...) [with _Args = {InitState*}; _Tp = InitState; _Alloc = std::allocator<InitState>; __gnu_cxx::_Lock_policy _Lp = __gnu_cxx::_S_atomic][m[Kâ€™
[1.829s] [01m[K/usr/include/c++/11/bits/shared_ptr_base.h:650:16:[m[K   required from â€˜[01m[Kstd::__shared_count<_Lp>::__shared_count(_Tp*&, std::_Sp_alloc_shared_tag<_Alloc>, _Args&& ...) [with _Tp = InitState; _Alloc = std::allocator<InitState>; _Args = {InitState*}; __gnu_cxx::_Lock_policy _Lp = __gnu_cxx::_S_atomic][m[Kâ€™
[1.829s] [01m[K/usr/include/c++/11/bits/shared_ptr_base.h:1342:14:[m[K   required from â€˜[01m[Kstd::__shared_ptr<_Tp, _Lp>::__shared_ptr(std::_Sp_alloc_shared_tag<_Tp>, _Args&& ...) [with _Alloc = std::allocator<InitState>; _Args = {InitState*}; _Tp = InitState; __gnu_cxx::_Lock_policy _Lp = __gnu_cxx::_S_atomic][m[Kâ€™
[1.830s] [01m[K/usr/include/c++/11/bits/shared_ptr.h:409:59:[m[K   required from â€˜[01m[Kstd::shared_ptr<_Tp>::shared_ptr(std::_Sp_alloc_shared_tag<_Tp>, _Args&& ...) [with _Alloc = std::allocator<InitState>; _Args = {InitState*}; _Tp = InitState][m[Kâ€™
[1.830s] [01m[K/usr/include/c++/11/bits/shared_ptr.h:862:14:[m[K   required from â€˜[01m[Kstd::shared_ptr<_Tp> std::allocate_shared(const _Alloc&, _Args&& ...) [with _Tp = InitState; _Alloc = std::allocator<InitState>; _Args = {InitState*}][m[Kâ€™
[1.832s] [01m[K/usr/include/c++/11/bits/shared_ptr.h:878:39:[m[K   required from â€˜[01m[Kstd::shared_ptr<_Tp> std::make_shared(_Args&& ...) [with _Tp = InitState; _Args = {InitState*}][m[Kâ€™
[1.833s] [01m[K/media/psf/Projekt_Mobile_Robotik/02_Roboprogramm/02_Turtlebot4/ros2_ws/src/classes/states/initState.cpp:34:45:[m[K   required from here
[1.833s] [01m[K/usr/include/c++/11/ext/new_allocator.h:162:11:[m[K [01;31m[Kerror: [m[Kno matching function for call to â€˜[01m[KInitState::InitState(InitState*)[m[Kâ€™
[1.833s]   162 |         { [01;31m[K::new((void *)__p) _Up(std::forward<_Args>(__args)...)[m[K; }
[1.834s]       |           [01;31m[K^~~~~~~~~~~~~~~~~~~~~~~~~~~~~~~~~~~~~~~~~~~~~~~~~~~~~~[m[K
[1.834s] [01m[K/media/psf/Projekt_Mobile_Robotik/02_Roboprogramm/02_Turtlebot4/ros2_ws/src/classes/states/initState.cpp:11:1:[m[K [01;36m[Knote: [m[Kcandidate: â€˜[01m[KInitState::InitState(StateMachine*)[m[Kâ€™
[1.834s]    11 | [01;36m[KInitState[m[K::InitState(StateMachine *stateMachine)
[1.835s]       | [01;36m[K^~~~~~~~~[m[K
[1.835s] [01m[K/media/psf/Projekt_Mobile_Robotik/02_Roboprogramm/02_Turtlebot4/ros2_ws/src/classes/states/initState.cpp:11:36:[m[K [01;36m[Knote: [m[K  no known conversion for argument 1 from â€˜[01m[KInitState*[m[Kâ€™ to â€˜[01m[KStateMachine*[m[Kâ€™
[1.835s]    11 | InitState::InitState([01;36m[KStateMachine *stateMachine[m[K)
[1.836s]       |                      [01;36m[K~~~~~~~~~~~~~~^~~~~~~~~~~~[m[K
[1.879s] gmake[3]: *** [CMakeFiles/pong_game.dir/build.make:118: CMakeFiles/pong_game.dir/src/classes/states/initState.cpp.o] Error 1
[1.879s] gmake[3]: *** Waiting for unfinished jobs....
[2.383s] gmake[3]: Leaving directory '/media/psf/Projekt_Mobile_Robotik/02_Roboprogramm/02_Turtlebot4/ros2_ws/build/pong_game'
[2.384s] gmake[2]: *** [CMakeFiles/Makefile2:137: CMakeFiles/pong_game.dir/all] Error 2
[2.384s] gmake[2]: Leaving directory '/media/psf/Projekt_Mobile_Robotik/02_Roboprogramm/02_Turtlebot4/ros2_ws/build/pong_game'
[2.384s] gmake[1]: *** [Makefile:146: all] Error 2
[2.384s] gmake[1]: Leaving directory '/media/psf/Projekt_Mobile_Robotik/02_Roboprogramm/02_Turtlebot4/ros2_ws/build/pong_game'
[2.385s] Invoked command in '/media/psf/Projekt_Mobile_Robotik/02_Roboprogramm/02_Turtlebot4/ros2_ws/build/pong_game' returned '2': CMAKE_PREFIX_PATH=/opt/ros/humble /usr/bin/cmake --build /media/psf/Projekt_Mobile_Robotik/02_Roboprogramm/02_Turtlebot4/ros2_ws/build/pong_game -- -j2 -l2
