[0.010s] Invoking command in '/media/psf/Projekt_Mobile_Robotik/02_Roboprogramm/03_Pong/ros2_ws/build/pong_game': CMAKE_PREFIX_PATH=/opt/ros/humble /usr/bin/cmake --build /media/psf/Projekt_Mobile_Robotik/02_Roboprogramm/03_Pong/ros2_ws/build/pong_game -- -j2 -l2
[0.015s] gmake[1]: Entering directory '/media/psf/Projekt_Mobile_Robotik/02_Roboprogramm/03_Pong/ros2_ws/build/pong_game'
[0.032s] gmake[2]: Entering directory '/media/psf/Projekt_Mobile_Robotik/02_Roboprogramm/03_Pong/ros2_ws/build/pong_game'
[0.037s] gmake[3]: Entering directory '/media/psf/Projekt_Mobile_Robotik/02_Roboprogramm/03_Pong/ros2_ws/build/pong_game'
[0.046s] [35m[1mConsolidate compiler generated dependencies of target pong_game[0m
[0.616s] gmake[3]: Leaving directory '/media/psf/Projekt_Mobile_Robotik/02_Roboprogramm/03_Pong/ros2_ws/build/pong_game'
[0.630s] gmake[3]: Entering directory '/media/psf/Projekt_Mobile_Robotik/02_Roboprogramm/03_Pong/ros2_ws/build/pong_game'
[0.632s] [ 10%] [32mBuilding CXX object CMakeFiles/pong_game.dir/src/classes/states/initState.cpp.o[0m
[0.636s] [ 20%] [32mBuilding CXX object CMakeFiles/pong_game.dir/src/classes/states/backToStartState.cpp.o[0m
[1.703s] [01m[K/media/psf/Projekt_Mobile_Robotik/02_Roboprogramm/03_Pong/ros2_ws/src/classes/states/initState.cpp:[m[K In member function â€˜[01m[Kvirtual void InitState::run()[m[Kâ€™:
[1.703s] [01m[K/media/psf/Projekt_Mobile_Robotik/02_Roboprogramm/03_Pong/ros2_ws/src/classes/states/initState.cpp:102:38:[m[K [01;31m[Kerror: [m[Kcannot convert â€˜[01m[Kfloat*[m[Kâ€™ to â€˜[01m[Kfloat&[m[Kâ€™
[1.703s]   102 |                 setPositionReference([01;31m[K&_xPosLine21[m[K, &_yPosLine21);
[1.704s]       |                                      [01;31m[K^~~~~~~~~~~~[m[K
[1.704s]       |                                      [01;31m[K|[m[K
[1.704s]       |                                      [01;31m[Kfloat*[m[K
[1.704s] In file included from [01m[K/media/psf/Projekt_Mobile_Robotik/02_Roboprogramm/03_Pong/ros2_ws/src/classes/states/initState.cpp:8[m[K:
[1.705s] [01m[K/media/psf/Projekt_Mobile_Robotik/02_Roboprogramm/03_Pong/ros2_ws/src/classes/states/initState.hpp:58:38:[m[K [01;36m[Knote: [m[K  initializing argument 1 of â€˜[01m[Kvoid InitState::setPositionReference(float&, float&)[m[Kâ€™
[1.705s]    58 |     void setPositionReference([01;36m[Kfloat &xRef[m[K, float &yRef);
[1.705s]       |                               [01;36m[K~~~~~~~^~~~[m[K
[1.706s] [01m[K/media/psf/Projekt_Mobile_Robotik/02_Roboprogramm/03_Pong/ros2_ws/src/classes/states/initState.cpp:117:38:[m[K [01;31m[Kerror: [m[Kcannot convert â€˜[01m[Kfloat*[m[Kâ€™ to â€˜[01m[Kfloat&[m[Kâ€™
[1.706s]   117 |                 setPositionReference([01;31m[K&_xPosLine22[m[K, &_yPosLine22);
[1.706s]       |                                      [01;31m[K^~~~~~~~~~~~[m[K
[1.706s]       |                                      [01;31m[K|[m[K
[1.707s]       |                                      [01;31m[Kfloat*[m[K
[1.707s] In file included from [01m[K/media/psf/Projekt_Mobile_Robotik/02_Roboprogramm/03_Pong/ros2_ws/src/classes/states/initState.cpp:8[m[K:
[1.707s] [01m[K/media/psf/Projekt_Mobile_Robotik/02_Roboprogramm/03_Pong/ros2_ws/src/classes/states/initState.hpp:58:38:[m[K [01;36m[Knote: [m[K  initializing argument 1 of â€˜[01m[Kvoid InitState::setPositionReference(float&, float&)[m[Kâ€™
[1.707s]    58 |     void setPositionReference([01;36m[Kfloat &xRef[m[K, float &yRef);
[1.708s]       |                               [01;36m[K~~~~~~~^~~~[m[K
[1.709s] [01m[K/media/psf/Projekt_Mobile_Robotik/02_Roboprogramm/03_Pong/ros2_ws/src/classes/states/backToStartState.cpp:[m[K In member function â€˜[01m[Kvirtual void BackToStartState::onEnter()[m[Kâ€™:
[1.709s] [01m[K/media/psf/Projekt_Mobile_Robotik/02_Roboprogramm/03_Pong/ros2_ws/src/classes/states/backToStartState.cpp:15:5:[m[K [01;31m[Kerror: [m[Kâ€˜[01m[KsendPukToOrigin[m[Kâ€™ was not declared in this scope; did you mean â€˜[01m[KsendGoalToOrigin[m[Kâ€™?
[1.710s]    15 |     [01;31m[KsendPukToOrigin[m[K();
[1.710s]       |     [01;31m[K^~~~~~~~~~~~~~~[m[K
[1.710s]       |     [32m[KsendGoalToOrigin[m[K
[1.715s] [01m[K/media/psf/Projekt_Mobile_Robotik/02_Roboprogramm/03_Pong/ros2_ws/src/classes/states/backToStartState.cpp:[m[K In member function â€˜[01m[Kvirtual void BackToStartState::run()[m[Kâ€™:
[1.715s] [01m[K/media/psf/Projekt_Mobile_Robotik/02_Roboprogramm/03_Pong/ros2_ws/src/classes/states/backToStartState.cpp:24:13:[m[K [01;31m[Kerror: [m[Kâ€˜[01m[KsendPukToOrigin[m[Kâ€™ was not declared in this scope; did you mean â€˜[01m[KsendGoalToOrigin[m[Kâ€™?
[1.715s]    24 |             [01;31m[KsendPukToOrigin[m[K();
[1.716s]       |             [01;31m[K^~~~~~~~~~~~~~~[m[K
[1.716s]       |             [32m[KsendGoalToOrigin[m[K
[1.716s] [01m[K/media/psf/Projekt_Mobile_Robotik/02_Roboprogramm/03_Pong/ros2_ws/src/classes/states/backToStartState.cpp:[m[K At global scope:
[1.717s] [01m[K/media/psf/Projekt_Mobile_Robotik/02_Roboprogramm/03_Pong/ros2_ws/src/classes/states/backToStartState.cpp:40:6:[m[K [01;31m[Kerror: [m[Kno declaration matches â€˜[01m[Kvoid BackToStartState::sendPukToOrigin()[m[Kâ€™
[1.717s]    40 | void [01;31m[KBackToStartState[m[K::sendPukToOrigin() {
[1.717s]       |      [01;31m[K^~~~~~~~~~~~~~~~[m[K
[1.718s] [01m[K/media/psf/Projekt_Mobile_Robotik/02_Roboprogramm/03_Pong/ros2_ws/src/classes/states/backToStartState.cpp:40:6:[m[K [01;36m[Knote: [m[Kno functions named â€˜[01m[Kvoid BackToStartState::sendPukToOrigin()[m[Kâ€™
[1.718s] In file included from [01m[K/media/psf/Projekt_Mobile_Robotik/02_Roboprogramm/03_Pong/ros2_ws/src/classes/states/backToStartState.cpp:1[m[K:
[1.718s] [01m[K/media/psf/Projekt_Mobile_Robotik/02_Roboprogramm/03_Pong/ros2_ws/src/classes/states/backToStartState.hpp:14:7:[m[K [01;36m[Knote: [m[Kâ€˜[01m[Kclass BackToStartState[m[Kâ€™ defined here
[1.718s]    14 | class [01;36m[KBackToStartState[m[K : public State, public rclcpp::Node {
[1.719s]       |       [01;36m[K^~~~~~~~~~~~~~~~[m[K
[1.953s] gmake[3]: *** [CMakeFiles/pong_game.dir/build.make:160: CMakeFiles/pong_game.dir/src/classes/states/backToStartState.cpp.o] Error 1
[1.954s] gmake[3]: *** Waiting for unfinished jobs....
[3.037s] gmake[3]: *** [CMakeFiles/pong_game.dir/build.make:104: CMakeFiles/pong_game.dir/src/classes/states/initState.cpp.o] Error 1
[3.038s] gmake[3]: Leaving directory '/media/psf/Projekt_Mobile_Robotik/02_Roboprogramm/03_Pong/ros2_ws/build/pong_game'
[3.038s] gmake[2]: Leaving directory '/media/psf/Projekt_Mobile_Robotik/02_Roboprogramm/03_Pong/ros2_ws/build/pong_game'
[3.038s] gmake[2]: *** [CMakeFiles/Makefile2:137: CMakeFiles/pong_game.dir/all] Error 2
[3.039s] gmake[1]: Leaving directory '/media/psf/Projekt_Mobile_Robotik/02_Roboprogramm/03_Pong/ros2_ws/build/pong_game'
[3.039s] gmake[1]: *** [Makefile:146: all] Error 2
[3.040s] Invoked command in '/media/psf/Projekt_Mobile_Robotik/02_Roboprogramm/03_Pong/ros2_ws/build/pong_game' returned '2': CMAKE_PREFIX_PATH=/opt/ros/humble /usr/bin/cmake --build /media/psf/Projekt_Mobile_Robotik/02_Roboprogramm/03_Pong/ros2_ws/build/pong_game -- -j2 -l2
