In file included from [01m[K/media/psf/Projekt_Mobile_Robotik/02_Roboprogramm/02_Turtlebot4/ros2_ws/src/classes/statemachine.hpp:6[m[K,
                 from [01m[K/media/psf/Projekt_Mobile_Robotik/02_Roboprogramm/02_Turtlebot4/ros2_ws/src/main.cpp:5[m[K:
[01m[K/media/psf/Projekt_Mobile_Robotik/02_Roboprogramm/02_Turtlebot4/ros2_ws/src/classes/states/state.hpp:[m[K In constructor â€˜[01m[KState::State(StateMachine*)[m[Kâ€™:
[01m[K/media/psf/Projekt_Mobile_Robotik/02_Roboprogramm/02_Turtlebot4/ros2_ws/src/classes/states/state.hpp:31:76:[m[K [01;31m[Kerror: [m[Kno matching function for call to â€˜[01m[Krclcpp::Node::Node()[m[Kâ€™
   31 |     explicit State(StateMachine* stateMachine) : _stateMachine(stateMachine[01;31m[K)[m[K {};
      |                                                                            [01;31m[K^[m[K
In file included from [01m[K/opt/ros/humble/include/rclcpp/rclcpp/executors/single_threaded_executor.hpp:28[m[K,
                 from [01m[K/opt/ros/humble/include/rclcpp/rclcpp/executors.hpp:22[m[K,
                 from [01m[K/opt/ros/humble/include/rclcpp/rclcpp/rclcpp.hpp:155[m[K,
                 from [01m[K/media/psf/Projekt_Mobile_Robotik/02_Roboprogramm/02_Turtlebot4/ros2_ws/src/main.cpp:1[m[K:
[01m[K/opt/ros/humble/include/rclcpp/rclcpp/node.hpp:1294:3:[m[K [01;36m[Knote: [m[Kcandidate: â€˜[01m[Krclcpp::Node::Node(const rclcpp::Node&, const string&)[m[Kâ€™
 1294 |   [01;36m[KNode[m[K(
      |   [01;36m[K^~~~[m[K
[01m[K/opt/ros/humble/include/rclcpp/rclcpp/node.hpp:1294:3:[m[K [01;36m[Knote: [m[K  candidate expects 2 arguments, 0 provided
[01m[K/opt/ros/humble/include/rclcpp/rclcpp/node.hpp:101:12:[m[K [01;36m[Knote: [m[Kcandidate: â€˜[01m[Krclcpp::Node::Node(const string&, const string&, const rclcpp::NodeOptions&)[m[Kâ€™
  101 |   explicit [01;36m[KNode[m[K(
      |            [01;36m[K^~~~[m[K
[01m[K/opt/ros/humble/include/rclcpp/rclcpp/node.hpp:101:12:[m[K [01;36m[Knote: [m[K  candidate expects 3 arguments, 0 provided
[01m[K/opt/ros/humble/include/rclcpp/rclcpp/node.hpp:89:12:[m[K [01;36m[Knote: [m[Kcandidate: â€˜[01m[Krclcpp::Node::Node(const string&, const rclcpp::NodeOptions&)[m[Kâ€™
   89 |   explicit [01;36m[KNode[m[K(
      |            [01;36m[K^~~~[m[K
[01m[K/opt/ros/humble/include/rclcpp/rclcpp/node.hpp:89:12:[m[K [01;36m[Knote: [m[K  candidate expects 2 arguments, 0 provided
In file included from [01m[K/media/psf/Projekt_Mobile_Robotik/02_Roboprogramm/02_Turtlebot4/ros2_ws/src/classes/statemachine.hpp:7[m[K,
                 from [01m[K/media/psf/Projekt_Mobile_Robotik/02_Roboprogramm/02_Turtlebot4/ros2_ws/src/main.cpp:5[m[K:
[01m[K/media/psf/Projekt_Mobile_Robotik/02_Roboprogramm/02_Turtlebot4/ros2_ws/src/classes/turtlebot4.hpp:[m[K At global scope:
[01m[K/media/psf/Projekt_Mobile_Robotik/02_Roboprogramm/02_Turtlebot4/ros2_ws/src/classes/turtlebot4.hpp:63:2:[m[K [01;31m[Kerror: [m[Kexpected â€˜[01m[K;[m[Kâ€™ after class definition
   63 | }
      |  [01;31m[K^[m[K
      |  [32m[K;[m[K
In file included from [01m[K/media/psf/Projekt_Mobile_Robotik/02_Roboprogramm/02_Turtlebot4/ros2_ws/src/classes/turtlebot4.cpp:4[m[K:
[01m[K/media/psf/Projekt_Mobile_Robotik/02_Roboprogramm/02_Turtlebot4/ros2_ws/src/classes/turtlebot4.hpp:63:2:[m[K [01;31m[Kerror: [m[Kexpected â€˜[01m[K;[m[Kâ€™ after class definition
   63 | }
      |  [01;31m[K^[m[K
      |  [32m[K;[m[K
[01m[K/media/psf/Projekt_Mobile_Robotik/02_Roboprogramm/02_Turtlebot4/ros2_ws/src/classes/turtlebot4.cpp:[m[K In constructor â€˜[01m[KTurtleBot4::TurtleBot4()[m[Kâ€™:
[01m[K/media/psf/Projekt_Mobile_Robotik/02_Roboprogramm/02_Turtlebot4/ros2_ws/src/classes/turtlebot4.cpp:14:5:[m[K [01;31m[Kerror: [m[Kâ€˜[01m[Klightring_pub_[m[Kâ€™ was not declared in this scope
   14 |     [01;31m[Klightring_pub_[m[K = this->create_publisher
      |     [01;31m[K^~~~~~~~~~~~~~[m[K
[01m[K/media/psf/Projekt_Mobile_Robotik/02_Roboprogramm/02_Turtlebot4/ros2_ws/src/classes/turtlebot4.cpp:[m[K In member function â€˜[01m[Kvoid TurtleBot4::setLightring(LightringColor)[m[Kâ€™:
[01m[K/media/psf/Projekt_Mobile_Robotik/02_Roboprogramm/02_Turtlebot4/ros2_ws/src/classes/turtlebot4.cpp:36:19:[m[K [01;31m[Kerror: [m[Kâ€˜[01m[Kstruct irobot_create_msgs::msg::LightringLeds_<std::allocator<void> >[m[Kâ€™ has no member named â€˜[01m[Koverridde_system[m[Kâ€™; did you mean â€˜[01m[Koverride_system[m[Kâ€™?
   36 |     lightring_msg.[01;31m[Koverridde_system[m[K = true;
      |                   [01;31m[K^~~~~~~~~~~~~~~~[m[K
      |                   [32m[Koverride_system[m[K
[01m[K/media/psf/Projekt_Mobile_Robotik/02_Roboprogramm/02_Turtlebot4/ros2_ws/src/classes/turtlebot4.cpp:64:5:[m[K [01;31m[Kerror: [m[Kâ€˜[01m[Klightring_pub_[m[Kâ€™ was not declared in this scope; did you mean â€˜[01m[Klightring_msg[m[Kâ€™?
   64 |     [01;31m[Klightring_pub_[m[K->publish(lightring_msg);
      |     [01;31m[K^~~~~~~~~~~~~~[m[K
      |     [32m[Klightring_msg[m[K
gmake[3]: *** [CMakeFiles/pong_game.dir/build.make:76: CMakeFiles/pong_game.dir/src/main.cpp.o] Error 1
gmake[3]: *** Waiting for unfinished jobs....
gmake[3]: *** [CMakeFiles/pong_game.dir/build.make:104: CMakeFiles/pong_game.dir/src/classes/turtlebot4.cpp.o] Error 1
gmake[2]: *** [CMakeFiles/Makefile2:137: CMakeFiles/pong_game.dir/all] Error 2
gmake[1]: *** [Makefile:146: all] Error 2
