[0.011s] Invoking command in '/media/psf/Projekt_Mobile_Robotik/02_Roboprogramm/02_Turtlebot4/ros2_ws/build/pong_game': CMAKE_PREFIX_PATH=/opt/ros/humble /usr/bin/cmake --build /media/psf/Projekt_Mobile_Robotik/02_Roboprogramm/02_Turtlebot4/ros2_ws/build/pong_game -- -j2 -l2
[0.024s] gmake[1]: Entering directory '/media/psf/Projekt_Mobile_Robotik/02_Roboprogramm/02_Turtlebot4/ros2_ws/build/pong_game'
[0.045s] gmake[2]: Entering directory '/media/psf/Projekt_Mobile_Robotik/02_Roboprogramm/02_Turtlebot4/ros2_ws/build/pong_game'
[0.051s] gmake[3]: Entering directory '/media/psf/Projekt_Mobile_Robotik/02_Roboprogramm/02_Turtlebot4/ros2_ws/build/pong_game'
[0.059s] [35m[1mConsolidate compiler generated dependencies of target pong_game[0m
[0.388s] gmake[3]: Leaving directory '/media/psf/Projekt_Mobile_Robotik/02_Roboprogramm/02_Turtlebot4/ros2_ws/build/pong_game'
[0.397s] gmake[3]: Entering directory '/media/psf/Projekt_Mobile_Robotik/02_Roboprogramm/02_Turtlebot4/ros2_ws/build/pong_game'
[0.404s] [ 40%] [32mBuilding CXX object CMakeFiles/pong_game.dir/src/main.cpp.o[0m
[0.406s] [ 40%] [32mBuilding CXX object CMakeFiles/pong_game.dir/src/classes/turtlebot4.cpp.o[0m
[1.545s] In file included from [01m[K/media/psf/Projekt_Mobile_Robotik/02_Roboprogramm/02_Turtlebot4/ros2_ws/src/classes/statemachine.hpp:6[m[K,
[1.545s]                  from [01m[K/media/psf/Projekt_Mobile_Robotik/02_Roboprogramm/02_Turtlebot4/ros2_ws/src/main.cpp:5[m[K:
[1.545s] [01m[K/media/psf/Projekt_Mobile_Robotik/02_Roboprogramm/02_Turtlebot4/ros2_ws/src/classes/states/state.hpp:[m[K In constructor â€˜[01m[KState::State(StateMachine*)[m[Kâ€™:
[1.546s] [01m[K/media/psf/Projekt_Mobile_Robotik/02_Roboprogramm/02_Turtlebot4/ros2_ws/src/classes/states/state.hpp:31:76:[m[K [01;31m[Kerror: [m[Kno matching function for call to â€˜[01m[Krclcpp::Node::Node()[m[Kâ€™
[1.546s]    31 |     explicit State(StateMachine* stateMachine) : _stateMachine(stateMachine[01;31m[K)[m[K {};
[1.546s]       |                                                                            [01;31m[K^[m[K
[1.546s] In file included from [01m[K/opt/ros/humble/include/rclcpp/rclcpp/executors/single_threaded_executor.hpp:28[m[K,
[1.547s]                  from [01m[K/opt/ros/humble/include/rclcpp/rclcpp/executors.hpp:22[m[K,
[1.547s]                  from [01m[K/opt/ros/humble/include/rclcpp/rclcpp/rclcpp.hpp:155[m[K,
[1.547s]                  from [01m[K/media/psf/Projekt_Mobile_Robotik/02_Roboprogramm/02_Turtlebot4/ros2_ws/src/main.cpp:1[m[K:
[1.548s] [01m[K/opt/ros/humble/include/rclcpp/rclcpp/node.hpp:1294:3:[m[K [01;36m[Knote: [m[Kcandidate: â€˜[01m[Krclcpp::Node::Node(const rclcpp::Node&, const string&)[m[Kâ€™
[1.548s]  1294 |   [01;36m[KNode[m[K(
[1.548s]       |   [01;36m[K^~~~[m[K
[1.549s] [01m[K/opt/ros/humble/include/rclcpp/rclcpp/node.hpp:1294:3:[m[K [01;36m[Knote: [m[K  candidate expects 2 arguments, 0 provided
[1.549s] [01m[K/opt/ros/humble/include/rclcpp/rclcpp/node.hpp:101:12:[m[K [01;36m[Knote: [m[Kcandidate: â€˜[01m[Krclcpp::Node::Node(const string&, const string&, const rclcpp::NodeOptions&)[m[Kâ€™
[1.550s]   101 |   explicit [01;36m[KNode[m[K(
[1.550s]       |            [01;36m[K^~~~[m[K
[1.550s] [01m[K/opt/ros/humble/include/rclcpp/rclcpp/node.hpp:101:12:[m[K [01;36m[Knote: [m[K  candidate expects 3 arguments, 0 provided
[1.551s] [01m[K/opt/ros/humble/include/rclcpp/rclcpp/node.hpp:89:12:[m[K [01;36m[Knote: [m[Kcandidate: â€˜[01m[Krclcpp::Node::Node(const string&, const rclcpp::NodeOptions&)[m[Kâ€™
[1.551s]    89 |   explicit [01;36m[KNode[m[K(
[1.551s]       |            [01;36m[K^~~~[m[K
[1.551s] [01m[K/opt/ros/humble/include/rclcpp/rclcpp/node.hpp:89:12:[m[K [01;36m[Knote: [m[K  candidate expects 2 arguments, 0 provided
[1.560s] In file included from [01m[K/media/psf/Projekt_Mobile_Robotik/02_Roboprogramm/02_Turtlebot4/ros2_ws/src/classes/statemachine.hpp:7[m[K,
[1.561s]                  from [01m[K/media/psf/Projekt_Mobile_Robotik/02_Roboprogramm/02_Turtlebot4/ros2_ws/src/main.cpp:5[m[K:
[1.561s] [01m[K/media/psf/Projekt_Mobile_Robotik/02_Roboprogramm/02_Turtlebot4/ros2_ws/src/classes/turtlebot4.hpp:[m[K At global scope:
[1.561s] [01m[K/media/psf/Projekt_Mobile_Robotik/02_Roboprogramm/02_Turtlebot4/ros2_ws/src/classes/turtlebot4.hpp:63:2:[m[K [01;31m[Kerror: [m[Kexpected â€˜[01m[K;[m[Kâ€™ after class definition
[1.562s]    63 | }
[1.562s]       |  [01;31m[K^[m[K
[1.562s]       |  [32m[K;[m[K
[1.637s] In file included from [01m[K/media/psf/Projekt_Mobile_Robotik/02_Roboprogramm/02_Turtlebot4/ros2_ws/src/classes/turtlebot4.cpp:4[m[K:
[1.637s] [01m[K/media/psf/Projekt_Mobile_Robotik/02_Roboprogramm/02_Turtlebot4/ros2_ws/src/classes/turtlebot4.hpp:63:2:[m[K [01;31m[Kerror: [m[Kexpected â€˜[01m[K;[m[Kâ€™ after class definition
[1.638s]    63 | }
[1.638s]       |  [01;31m[K^[m[K
[1.638s]       |  [32m[K;[m[K
[1.645s] [01m[K/media/psf/Projekt_Mobile_Robotik/02_Roboprogramm/02_Turtlebot4/ros2_ws/src/classes/turtlebot4.cpp:[m[K In constructor â€˜[01m[KTurtleBot4::TurtleBot4()[m[Kâ€™:
[1.646s] [01m[K/media/psf/Projekt_Mobile_Robotik/02_Roboprogramm/02_Turtlebot4/ros2_ws/src/classes/turtlebot4.cpp:14:5:[m[K [01;31m[Kerror: [m[Kâ€˜[01m[Klightring_pub_[m[Kâ€™ was not declared in this scope
[1.646s]    14 |     [01;31m[Klightring_pub_[m[K = this->create_publisher
[1.646s]       |     [01;31m[K^~~~~~~~~~~~~~[m[K
[1.648s] [01m[K/media/psf/Projekt_Mobile_Robotik/02_Roboprogramm/02_Turtlebot4/ros2_ws/src/classes/turtlebot4.cpp:[m[K In member function â€˜[01m[Kvoid TurtleBot4::setLightring(LightringColor)[m[Kâ€™:
[1.649s] [01m[K/media/psf/Projekt_Mobile_Robotik/02_Roboprogramm/02_Turtlebot4/ros2_ws/src/classes/turtlebot4.cpp:36:19:[m[K [01;31m[Kerror: [m[Kâ€˜[01m[Kstruct irobot_create_msgs::msg::LightringLeds_<std::allocator<void> >[m[Kâ€™ has no member named â€˜[01m[Koverridde_system[m[Kâ€™; did you mean â€˜[01m[Koverride_system[m[Kâ€™?
[1.649s]    36 |     lightring_msg.[01;31m[Koverridde_system[m[K = true;
[1.649s]       |                   [01;31m[K^~~~~~~~~~~~~~~~[m[K
[1.650s]       |                   [32m[Koverride_system[m[K
[1.654s] [01m[K/media/psf/Projekt_Mobile_Robotik/02_Roboprogramm/02_Turtlebot4/ros2_ws/src/classes/turtlebot4.cpp:64:5:[m[K [01;31m[Kerror: [m[Kâ€˜[01m[Klightring_pub_[m[Kâ€™ was not declared in this scope; did you mean â€˜[01m[Klightring_msg[m[Kâ€™?
[1.655s]    64 |     [01;31m[Klightring_pub_[m[K->publish(lightring_msg);
[1.655s]       |     [01;31m[K^~~~~~~~~~~~~~[m[K
[1.655s]       |     [32m[Klightring_msg[m[K
[1.771s] gmake[3]: *** [CMakeFiles/pong_game.dir/build.make:76: CMakeFiles/pong_game.dir/src/main.cpp.o] Error 1
[1.771s] gmake[3]: *** Waiting for unfinished jobs....
[1.932s] gmake[3]: *** [CMakeFiles/pong_game.dir/build.make:104: CMakeFiles/pong_game.dir/src/classes/turtlebot4.cpp.o] Error 1
[1.934s] gmake[3]: Leaving directory '/media/psf/Projekt_Mobile_Robotik/02_Roboprogramm/02_Turtlebot4/ros2_ws/build/pong_game'
[1.934s] gmake[2]: Leaving directory '/media/psf/Projekt_Mobile_Robotik/02_Roboprogramm/02_Turtlebot4/ros2_ws/build/pong_game'
[1.934s] gmake[2]: *** [CMakeFiles/Makefile2:137: CMakeFiles/pong_game.dir/all] Error 2
[1.935s] gmake[1]: *** [Makefile:146: all] Error 2
[1.936s] gmake[1]: Leaving directory '/media/psf/Projekt_Mobile_Robotik/02_Roboprogramm/02_Turtlebot4/ros2_ws/build/pong_game'
[1.937s] Invoked command in '/media/psf/Projekt_Mobile_Robotik/02_Roboprogramm/02_Turtlebot4/ros2_ws/build/pong_game' returned '2': CMAKE_PREFIX_PATH=/opt/ros/humble /usr/bin/cmake --build /media/psf/Projekt_Mobile_Robotik/02_Roboprogramm/02_Turtlebot4/ros2_ws/build/pong_game -- -j2 -l2
